
AVRASM ver. 2.1.30  F:\study\tamrinat\New folder\CODE_VISION\Debug\List\project.asm Tue Dec 28 11:34:01 2021

F:\study\tamrinat\New folder\CODE_VISION\Debug\List\project.asm(1088): warning: Register r4 already defined by the .DEF directive
F:\study\tamrinat\New folder\CODE_VISION\Debug\List\project.asm(1089): warning: Register r5 already defined by the .DEF directive
F:\study\tamrinat\New folder\CODE_VISION\Debug\List\project.asm(1090): warning: Register r6 already defined by the .DEF directive
F:\study\tamrinat\New folder\CODE_VISION\Debug\List\project.asm(1091): warning: Register r7 already defined by the .DEF directive
F:\study\tamrinat\New folder\CODE_VISION\Debug\List\project.asm(1092): warning: Register r8 already defined by the .DEF directive
F:\study\tamrinat\New folder\CODE_VISION\Debug\List\project.asm(1093): warning: Register r9 already defined by the .DEF directive
F:\study\tamrinat\New folder\CODE_VISION\Debug\List\project.asm(1094): warning: Register r11 already defined by the .DEF directive
F:\study\tamrinat\New folder\CODE_VISION\Debug\List\project.asm(1095): warning: Register r10 already defined by the .DEF directive
F:\study\tamrinat\New folder\CODE_VISION\Debug\List\project.asm(1096): warning: Register r13 already defined by the .DEF directive
                 
                 
                 ;CodeVisionAVR C Compiler V3.12 Advanced
                 ;(C) Copyright 1998-2014 Pavel Haiduc, HP InfoTech s.r.l.
                 ;http://www.hpinfotech.com
                 
                 ;Build configuration    : Debug
                 ;Chip type              : ATmega32
                 ;Program type           : Application
                 ;Clock frequency        : 1.000000 MHz
                 ;Memory model           : Small
                 ;Optimize for           : Size
                 ;(s)printf features     : int, width
                 ;(s)scanf features      : int, width
                 ;External RAM size      : 0
                 ;Data Stack size        : 512 byte(s)
                 ;Heap size              : 0 byte(s)
                 ;Promote 'char' to 'int': Yes
                 ;'char' is unsigned     : Yes
                 ;8 bit enums            : Yes
                 ;Global 'const' stored in FLASH: Yes
                 ;Enhanced function parameter passing: Yes
                 ;Enhanced core instructions: On
                 ;Automatic register allocation for global variables: On
                 ;Smart register allocation: On
                 
                 	#define _MODEL_SMALL_
                 
                 	#pragma AVRPART ADMIN PART_NAME ATmega32
                 	#pragma AVRPART MEMORY PROG_FLASH 32768
                 	#pragma AVRPART MEMORY EEPROM 1024
                 	#pragma AVRPART MEMORY INT_SRAM SIZE 2048
                 	#pragma AVRPART MEMORY INT_SRAM START_ADDR 0x60
                 
                 	#define CALL_SUPPORTED 1
                 
                 	.LISTMAC
                 	.EQU UDRE=0x5
                 	.EQU RXC=0x7
                 	.EQU USR=0xB
                 	.EQU UDR=0xC
                 	.EQU SPSR=0xE
                 	.EQU SPDR=0xF
                 	.EQU EERE=0x0
                 	.EQU EEWE=0x1
                 	.EQU EEMWE=0x2
                 	.EQU EECR=0x1C
                 	.EQU EEDR=0x1D
                 	.EQU EEARL=0x1E
                 	.EQU EEARH=0x1F
                 	.EQU WDTCR=0x21
                 	.EQU MCUCR=0x35
                 	.EQU GICR=0x3B
                 	.EQU SPL=0x3D
                 	.EQU SPH=0x3E
                 	.EQU SREG=0x3F
                 
                 	.DEF R0X0=R0
                 	.DEF R0X1=R1
                 	.DEF R0X2=R2
                 	.DEF R0X3=R3
                 	.DEF R0X4=R4
                 	.DEF R0X5=R5
                 	.DEF R0X6=R6
                 	.DEF R0X7=R7
                 	.DEF R0X8=R8
                 	.DEF R0X9=R9
                 	.DEF R0XA=R10
                 	.DEF R0XB=R11
                 	.DEF R0XC=R12
                 	.DEF R0XD=R13
                 	.DEF R0XE=R14
                 	.DEF R0XF=R15
                 	.DEF R0X10=R16
                 	.DEF R0X11=R17
                 	.DEF R0X12=R18
                 	.DEF R0X13=R19
                 	.DEF R0X14=R20
                 	.DEF R0X15=R21
                 	.DEF R0X16=R22
                 	.DEF R0X17=R23
                 	.DEF R0X18=R24
                 	.DEF R0X19=R25
                 	.DEF R0X1A=R26
                 	.DEF R0X1B=R27
                 	.DEF R0X1C=R28
                 	.DEF R0X1D=R29
                 	.DEF R0X1E=R30
                 	.DEF R0X1F=R31
                 
                 	.EQU __SRAM_START=0x0060
                 	.EQU __SRAM_END=0x085F
                 	.EQU __DSTACK_SIZE=0x0200
                 	.EQU __HEAP_SIZE=0x0000
                 	.EQU __CLEAR_SRAM_SIZE=__SRAM_END-__SRAM_START+1
                 
                 	.MACRO __CPD1N
                 	CPI  R30,LOW(@0)
                 	LDI  R26,HIGH(@0)
                 	CPC  R31,R26
                 	LDI  R26,BYTE3(@0)
                 	CPC  R22,R26
                 	LDI  R26,BYTE4(@0)
                 	CPC  R23,R26
                 	.ENDM
                 
                 	.MACRO __CPD2N
                 	CPI  R26,LOW(@0)
                 	LDI  R30,HIGH(@0)
                 	CPC  R27,R30
                 	LDI  R30,BYTE3(@0)
                 	CPC  R24,R30
                 	LDI  R30,BYTE4(@0)
                 	CPC  R25,R30
                 	.ENDM
                 
                 	.MACRO __CPWRR
                 	CP   R@0,R@2
                 	CPC  R@1,R@3
                 	.ENDM
                 
                 	.MACRO __CPWRN
                 	CPI  R@0,LOW(@2)
                 	LDI  R30,HIGH(@2)
                 	CPC  R@1,R30
                 	.ENDM
                 
                 	.MACRO __ADDB1MN
                 	SUBI R30,LOW(-@0-(@1))
                 	.ENDM
                 
                 	.MACRO __ADDB2MN
                 	SUBI R26,LOW(-@0-(@1))
                 	.ENDM
                 
                 	.MACRO __ADDW1MN
                 	SUBI R30,LOW(-@0-(@1))
                 	SBCI R31,HIGH(-@0-(@1))
                 	.ENDM
                 
                 	.MACRO __ADDW2MN
                 	SUBI R26,LOW(-@0-(@1))
                 	SBCI R27,HIGH(-@0-(@1))
                 	.ENDM
                 
                 	.MACRO __ADDW1FN
                 	SUBI R30,LOW(-2*@0-(@1))
                 	SBCI R31,HIGH(-2*@0-(@1))
                 	.ENDM
                 
                 	.MACRO __ADDD1FN
                 	SUBI R30,LOW(-2*@0-(@1))
                 	SBCI R31,HIGH(-2*@0-(@1))
                 	SBCI R22,BYTE3(-2*@0-(@1))
                 	.ENDM
                 
                 	.MACRO __ADDD1N
                 	SUBI R30,LOW(-@0)
                 	SBCI R31,HIGH(-@0)
                 	SBCI R22,BYTE3(-@0)
                 	SBCI R23,BYTE4(-@0)
                 	.ENDM
                 
                 	.MACRO __ADDD2N
                 	SUBI R26,LOW(-@0)
                 	SBCI R27,HIGH(-@0)
                 	SBCI R24,BYTE3(-@0)
                 	SBCI R25,BYTE4(-@0)
                 	.ENDM
                 
                 	.MACRO __SUBD1N
                 	SUBI R30,LOW(@0)
                 	SBCI R31,HIGH(@0)
                 	SBCI R22,BYTE3(@0)
                 	SBCI R23,BYTE4(@0)
                 	.ENDM
                 
                 	.MACRO __SUBD2N
                 	SUBI R26,LOW(@0)
                 	SBCI R27,HIGH(@0)
                 	SBCI R24,BYTE3(@0)
                 	SBCI R25,BYTE4(@0)
                 	.ENDM
                 
                 	.MACRO __ANDBMNN
                 	LDS  R30,@0+(@1)
                 	ANDI R30,LOW(@2)
                 	STS  @0+(@1),R30
                 	.ENDM
                 
                 	.MACRO __ANDWMNN
                 	LDS  R30,@0+(@1)
                 	ANDI R30,LOW(@2)
                 	STS  @0+(@1),R30
                 	LDS  R30,@0+(@1)+1
                 	ANDI R30,HIGH(@2)
                 	STS  @0+(@1)+1,R30
                 	.ENDM
                 
                 	.MACRO __ANDD1N
                 	ANDI R30,LOW(@0)
                 	ANDI R31,HIGH(@0)
                 	ANDI R22,BYTE3(@0)
                 	ANDI R23,BYTE4(@0)
                 	.ENDM
                 
                 	.MACRO __ANDD2N
                 	ANDI R26,LOW(@0)
                 	ANDI R27,HIGH(@0)
                 	ANDI R24,BYTE3(@0)
                 	ANDI R25,BYTE4(@0)
                 	.ENDM
                 
                 	.MACRO __ORBMNN
                 	LDS  R30,@0+(@1)
                 	ORI  R30,LOW(@2)
                 	STS  @0+(@1),R30
                 	.ENDM
                 
                 	.MACRO __ORWMNN
                 	LDS  R30,@0+(@1)
                 	ORI  R30,LOW(@2)
                 	STS  @0+(@1),R30
                 	LDS  R30,@0+(@1)+1
                 	ORI  R30,HIGH(@2)
                 	STS  @0+(@1)+1,R30
                 	.ENDM
                 
                 	.MACRO __ORD1N
                 	ORI  R30,LOW(@0)
                 	ORI  R31,HIGH(@0)
                 	ORI  R22,BYTE3(@0)
                 	ORI  R23,BYTE4(@0)
                 	.ENDM
                 
                 	.MACRO __ORD2N
                 	ORI  R26,LOW(@0)
                 	ORI  R27,HIGH(@0)
                 	ORI  R24,BYTE3(@0)
                 	ORI  R25,BYTE4(@0)
                 	.ENDM
                 
                 	.MACRO __DELAY_USB
                 	LDI  R24,LOW(@0)
                 __DELAY_USB_LOOP:
                 	DEC  R24
                 	BRNE __DELAY_USB_LOOP
                 	.ENDM
                 
                 	.MACRO __DELAY_USW
                 	LDI  R24,LOW(@0)
                 	LDI  R25,HIGH(@0)
                 __DELAY_USW_LOOP:
                 	SBIW R24,1
                 	BRNE __DELAY_USW_LOOP
                 	.ENDM
                 
                 	.MACRO __GETD1S
                 	LDD  R30,Y+@0
                 	LDD  R31,Y+@0+1
                 	LDD  R22,Y+@0+2
                 	LDD  R23,Y+@0+3
                 	.ENDM
                 
                 	.MACRO __GETD2S
                 	LDD  R26,Y+@0
                 	LDD  R27,Y+@0+1
                 	LDD  R24,Y+@0+2
                 	LDD  R25,Y+@0+3
                 	.ENDM
                 
                 	.MACRO __PUTD1S
                 	STD  Y+@0,R30
                 	STD  Y+@0+1,R31
                 	STD  Y+@0+2,R22
                 	STD  Y+@0+3,R23
                 	.ENDM
                 
                 	.MACRO __PUTD2S
                 	STD  Y+@0,R26
                 	STD  Y+@0+1,R27
                 	STD  Y+@0+2,R24
                 	STD  Y+@0+3,R25
                 	.ENDM
                 
                 	.MACRO __PUTDZ2
                 	STD  Z+@0,R26
                 	STD  Z+@0+1,R27
                 	STD  Z+@0+2,R24
                 	STD  Z+@0+3,R25
                 	.ENDM
                 
                 	.MACRO __CLRD1S
                 	STD  Y+@0,R30
                 	STD  Y+@0+1,R30
                 	STD  Y+@0+2,R30
                 	STD  Y+@0+3,R30
                 	.ENDM
                 
                 	.MACRO __POINTB1MN
                 	LDI  R30,LOW(@0+(@1))
                 	.ENDM
                 
                 	.MACRO __POINTW1MN
                 	LDI  R30,LOW(@0+(@1))
                 	LDI  R31,HIGH(@0+(@1))
                 	.ENDM
                 
                 	.MACRO __POINTD1M
                 	LDI  R30,LOW(@0)
                 	LDI  R31,HIGH(@0)
                 	LDI  R22,BYTE3(@0)
                 	LDI  R23,BYTE4(@0)
                 	.ENDM
                 
                 	.MACRO __POINTW1FN
                 	LDI  R30,LOW(2*@0+(@1))
                 	LDI  R31,HIGH(2*@0+(@1))
                 	.ENDM
                 
                 	.MACRO __POINTD1FN
                 	LDI  R30,LOW(2*@0+(@1))
                 	LDI  R31,HIGH(2*@0+(@1))
                 	LDI  R22,BYTE3(2*@0+(@1))
                 	LDI  R23,BYTE4(2*@0+(@1))
                 	.ENDM
                 
                 	.MACRO __POINTB2MN
                 	LDI  R26,LOW(@0+(@1))
                 	.ENDM
                 
                 	.MACRO __POINTW2MN
                 	LDI  R26,LOW(@0+(@1))
                 	LDI  R27,HIGH(@0+(@1))
                 	.ENDM
                 
                 	.MACRO __POINTW2FN
                 	LDI  R26,LOW(2*@0+(@1))
                 	LDI  R27,HIGH(2*@0+(@1))
                 	.ENDM
                 
                 	.MACRO __POINTD2FN
                 	LDI  R26,LOW(2*@0+(@1))
                 	LDI  R27,HIGH(2*@0+(@1))
                 	LDI  R24,BYTE3(2*@0+(@1))
                 	LDI  R25,BYTE4(2*@0+(@1))
                 	.ENDM
                 
                 	.MACRO __POINTBRM
                 	LDI  R@0,LOW(@1)
                 	.ENDM
                 
                 	.MACRO __POINTWRM
                 	LDI  R@0,LOW(@2)
                 	LDI  R@1,HIGH(@2)
                 	.ENDM
                 
                 	.MACRO __POINTBRMN
                 	LDI  R@0,LOW(@1+(@2))
                 	.ENDM
                 
                 	.MACRO __POINTWRMN
                 	LDI  R@0,LOW(@2+(@3))
                 	LDI  R@1,HIGH(@2+(@3))
                 	.ENDM
                 
                 	.MACRO __POINTWRFN
                 	LDI  R@0,LOW(@2*2+(@3))
                 	LDI  R@1,HIGH(@2*2+(@3))
                 	.ENDM
                 
                 	.MACRO __GETD1N
                 	LDI  R30,LOW(@0)
                 	LDI  R31,HIGH(@0)
                 	LDI  R22,BYTE3(@0)
                 	LDI  R23,BYTE4(@0)
                 	.ENDM
                 
                 	.MACRO __GETD2N
                 	LDI  R26,LOW(@0)
                 	LDI  R27,HIGH(@0)
                 	LDI  R24,BYTE3(@0)
                 	LDI  R25,BYTE4(@0)
                 	.ENDM
                 
                 	.MACRO __GETB1MN
                 	LDS  R30,@0+(@1)
                 	.ENDM
                 
                 	.MACRO __GETB1HMN
                 	LDS  R31,@0+(@1)
                 	.ENDM
                 
                 	.MACRO __GETW1MN
                 	LDS  R30,@0+(@1)
                 	LDS  R31,@0+(@1)+1
                 	.ENDM
                 
                 	.MACRO __GETD1MN
                 	LDS  R30,@0+(@1)
                 	LDS  R31,@0+(@1)+1
                 	LDS  R22,@0+(@1)+2
                 	LDS  R23,@0+(@1)+3
                 	.ENDM
                 
                 	.MACRO __GETBRMN
                 	LDS  R@0,@1+(@2)
                 	.ENDM
                 
                 	.MACRO __GETWRMN
                 	LDS  R@0,@2+(@3)
                 	LDS  R@1,@2+(@3)+1
                 	.ENDM
                 
                 	.MACRO __GETWRZ
                 	LDD  R@0,Z+@2
                 	LDD  R@1,Z+@2+1
                 	.ENDM
                 
                 	.MACRO __GETD2Z
                 	LDD  R26,Z+@0
                 	LDD  R27,Z+@0+1
                 	LDD  R24,Z+@0+2
                 	LDD  R25,Z+@0+3
                 	.ENDM
                 
                 	.MACRO __GETB2MN
                 	LDS  R26,@0+(@1)
                 	.ENDM
                 
                 	.MACRO __GETW2MN
                 	LDS  R26,@0+(@1)
                 	LDS  R27,@0+(@1)+1
                 	.ENDM
                 
                 	.MACRO __GETD2MN
                 	LDS  R26,@0+(@1)
                 	LDS  R27,@0+(@1)+1
                 	LDS  R24,@0+(@1)+2
                 	LDS  R25,@0+(@1)+3
                 	.ENDM
                 
                 	.MACRO __PUTB1MN
                 	STS  @0+(@1),R30
                 	.ENDM
                 
                 	.MACRO __PUTW1MN
                 	STS  @0+(@1),R30
                 	STS  @0+(@1)+1,R31
                 	.ENDM
                 
                 	.MACRO __PUTD1MN
                 	STS  @0+(@1),R30
                 	STS  @0+(@1)+1,R31
                 	STS  @0+(@1)+2,R22
                 	STS  @0+(@1)+3,R23
                 	.ENDM
                 
                 	.MACRO __PUTB1EN
                 	LDI  R26,LOW(@0+(@1))
                 	LDI  R27,HIGH(@0+(@1))
                 	CALL __EEPROMWRB
                 	.ENDM
                 
                 	.MACRO __PUTW1EN
                 	LDI  R26,LOW(@0+(@1))
                 	LDI  R27,HIGH(@0+(@1))
                 	CALL __EEPROMWRW
                 	.ENDM
                 
                 	.MACRO __PUTD1EN
                 	LDI  R26,LOW(@0+(@1))
                 	LDI  R27,HIGH(@0+(@1))
                 	CALL __EEPROMWRD
                 	.ENDM
                 
                 	.MACRO __PUTBR0MN
                 	STS  @0+(@1),R0
                 	.ENDM
                 
                 	.MACRO __PUTBMRN
                 	STS  @0+(@1),R@2
                 	.ENDM
                 
                 	.MACRO __PUTWMRN
                 	STS  @0+(@1),R@2
                 	STS  @0+(@1)+1,R@3
                 	.ENDM
                 
                 	.MACRO __PUTBZR
                 	STD  Z+@1,R@0
                 	.ENDM
                 
                 	.MACRO __PUTWZR
                 	STD  Z+@2,R@0
                 	STD  Z+@2+1,R@1
                 	.ENDM
                 
                 	.MACRO __GETW1R
                 	MOV  R30,R@0
                 	MOV  R31,R@1
                 	.ENDM
                 
                 	.MACRO __GETW2R
                 	MOV  R26,R@0
                 	MOV  R27,R@1
                 	.ENDM
                 
                 	.MACRO __GETWRN
                 	LDI  R@0,LOW(@2)
                 	LDI  R@1,HIGH(@2)
                 	.ENDM
                 
                 	.MACRO __PUTW1R
                 	MOV  R@0,R30
                 	MOV  R@1,R31
                 	.ENDM
                 
                 	.MACRO __PUTW2R
                 	MOV  R@0,R26
                 	MOV  R@1,R27
                 	.ENDM
                 
                 	.MACRO __ADDWRN
                 	SUBI R@0,LOW(-@2)
                 	SBCI R@1,HIGH(-@2)
                 	.ENDM
                 
                 	.MACRO __ADDWRR
                 	ADD  R@0,R@2
                 	ADC  R@1,R@3
                 	.ENDM
                 
                 	.MACRO __SUBWRN
                 	SUBI R@0,LOW(@2)
                 	SBCI R@1,HIGH(@2)
                 	.ENDM
                 
                 	.MACRO __SUBWRR
                 	SUB  R@0,R@2
                 	SBC  R@1,R@3
                 	.ENDM
                 
                 	.MACRO __ANDWRN
                 	ANDI R@0,LOW(@2)
                 	ANDI R@1,HIGH(@2)
                 	.ENDM
                 
                 	.MACRO __ANDWRR
                 	AND  R@0,R@2
                 	AND  R@1,R@3
                 	.ENDM
                 
                 	.MACRO __ORWRN
                 	ORI  R@0,LOW(@2)
                 	ORI  R@1,HIGH(@2)
                 	.ENDM
                 
                 	.MACRO __ORWRR
                 	OR   R@0,R@2
                 	OR   R@1,R@3
                 	.ENDM
                 
                 	.MACRO __EORWRR
                 	EOR  R@0,R@2
                 	EOR  R@1,R@3
                 	.ENDM
                 
                 	.MACRO __GETWRS
                 	LDD  R@0,Y+@2
                 	LDD  R@1,Y+@2+1
                 	.ENDM
                 
                 	.MACRO __PUTBSR
                 	STD  Y+@1,R@0
                 	.ENDM
                 
                 	.MACRO __PUTWSR
                 	STD  Y+@2,R@0
                 	STD  Y+@2+1,R@1
                 	.ENDM
                 
                 	.MACRO __MOVEWRR
                 	MOV  R@0,R@2
                 	MOV  R@1,R@3
                 	.ENDM
                 
                 	.MACRO __INWR
                 	IN   R@0,@2
                 	IN   R@1,@2+1
                 	.ENDM
                 
                 	.MACRO __OUTWR
                 	OUT  @2+1,R@1
                 	OUT  @2,R@0
                 	.ENDM
                 
                 	.MACRO __CALL1MN
                 	LDS  R30,@0+(@1)
                 	LDS  R31,@0+(@1)+1
                 	ICALL
                 	.ENDM
                 
                 	.MACRO __CALL1FN
                 	LDI  R30,LOW(2*@0+(@1))
                 	LDI  R31,HIGH(2*@0+(@1))
                 	CALL __GETW1PF
                 	ICALL
                 	.ENDM
                 
                 	.MACRO __CALL2EN
                 	PUSH R26
                 	PUSH R27
                 	LDI  R26,LOW(@0+(@1))
                 	LDI  R27,HIGH(@0+(@1))
                 	CALL __EEPROMRDW
                 	POP  R27
                 	POP  R26
                 	ICALL
                 	.ENDM
                 
                 	.MACRO __CALL2EX
                 	SUBI R26,LOW(-@0)
                 	SBCI R27,HIGH(-@0)
                 	CALL __EEPROMRDD
                 	ICALL
                 	.ENDM
                 
                 	.MACRO __GETW1STACK
                 	IN   R30,SPL
                 	IN   R31,SPH
                 	ADIW R30,@0+1
                 	LD   R0,Z+
                 	LD   R31,Z
                 	MOV  R30,R0
                 	.ENDM
                 
                 	.MACRO __GETD1STACK
                 	IN   R30,SPL
                 	IN   R31,SPH
                 	ADIW R30,@0+1
                 	LD   R0,Z+
                 	LD   R1,Z+
                 	LD   R22,Z
                 	MOVW R30,R0
                 	.ENDM
                 
                 	.MACRO __NBST
                 	BST  R@0,@1
                 	IN   R30,SREG
                 	LDI  R31,0x40
                 	EOR  R30,R31
                 	OUT  SREG,R30
                 	.ENDM
                 
                 
                 	.MACRO __PUTB1SN
                 	LDD  R26,Y+@0
                 	LDD  R27,Y+@0+1
                 	SUBI R26,LOW(-@1)
                 	SBCI R27,HIGH(-@1)
                 	ST   X,R30
                 	.ENDM
                 
                 	.MACRO __PUTW1SN
                 	LDD  R26,Y+@0
                 	LDD  R27,Y+@0+1
                 	SUBI R26,LOW(-@1)
                 	SBCI R27,HIGH(-@1)
                 	ST   X+,R30
                 	ST   X,R31
                 	.ENDM
                 
                 	.MACRO __PUTD1SN
                 	LDD  R26,Y+@0
                 	LDD  R27,Y+@0+1
                 	SUBI R26,LOW(-@1)
                 	SBCI R27,HIGH(-@1)
                 	CALL __PUTDP1
                 	.ENDM
                 
                 	.MACRO __PUTB1SNS
                 	LDD  R26,Y+@0
                 	LDD  R27,Y+@0+1
                 	ADIW R26,@1
                 	ST   X,R30
                 	.ENDM
                 
                 	.MACRO __PUTW1SNS
                 	LDD  R26,Y+@0
                 	LDD  R27,Y+@0+1
                 	ADIW R26,@1
                 	ST   X+,R30
                 	ST   X,R31
                 	.ENDM
                 
                 	.MACRO __PUTD1SNS
                 	LDD  R26,Y+@0
                 	LDD  R27,Y+@0+1
                 	ADIW R26,@1
                 	CALL __PUTDP1
                 	.ENDM
                 
                 	.MACRO __PUTB1PMN
                 	LDS  R26,@0
                 	LDS  R27,@0+1
                 	SUBI R26,LOW(-@1)
                 	SBCI R27,HIGH(-@1)
                 	ST   X,R30
                 	.ENDM
                 
                 	.MACRO __PUTW1PMN
                 	LDS  R26,@0
                 	LDS  R27,@0+1
                 	SUBI R26,LOW(-@1)
                 	SBCI R27,HIGH(-@1)
                 	ST   X+,R30
                 	ST   X,R31
                 	.ENDM
                 
                 	.MACRO __PUTD1PMN
                 	LDS  R26,@0
                 	LDS  R27,@0+1
                 	SUBI R26,LOW(-@1)
                 	SBCI R27,HIGH(-@1)
                 	CALL __PUTDP1
                 	.ENDM
                 
                 	.MACRO __PUTB1PMNS
                 	LDS  R26,@0
                 	LDS  R27,@0+1
                 	ADIW R26,@1
                 	ST   X,R30
                 	.ENDM
                 
                 	.MACRO __PUTW1PMNS
                 	LDS  R26,@0
                 	LDS  R27,@0+1
                 	ADIW R26,@1
                 	ST   X+,R30
                 	ST   X,R31
                 	.ENDM
                 
                 	.MACRO __PUTD1PMNS
                 	LDS  R26,@0
                 	LDS  R27,@0+1
                 	ADIW R26,@1
                 	CALL __PUTDP1
                 	.ENDM
                 
                 	.MACRO __PUTB1RN
                 	MOVW R26,R@0
                 	SUBI R26,LOW(-@1)
                 	SBCI R27,HIGH(-@1)
                 	ST   X,R30
                 	.ENDM
                 
                 	.MACRO __PUTW1RN
                 	MOVW R26,R@0
                 	SUBI R26,LOW(-@1)
                 	SBCI R27,HIGH(-@1)
                 	ST   X+,R30
                 	ST   X,R31
                 	.ENDM
                 
                 	.MACRO __PUTD1RN
                 	MOVW R26,R@0
                 	SUBI R26,LOW(-@1)
                 	SBCI R27,HIGH(-@1)
                 	CALL __PUTDP1
                 	.ENDM
                 
                 	.MACRO __PUTB1RNS
                 	MOVW R26,R@0
                 	ADIW R26,@1
                 	ST   X,R30
                 	.ENDM
                 
                 	.MACRO __PUTW1RNS
                 	MOVW R26,R@0
                 	ADIW R26,@1
                 	ST   X+,R30
                 	ST   X,R31
                 	.ENDM
                 
                 	.MACRO __PUTD1RNS
                 	MOVW R26,R@0
                 	ADIW R26,@1
                 	CALL __PUTDP1
                 	.ENDM
                 
                 	.MACRO __PUTB1RON
                 	MOV  R26,R@0
                 	MOV  R27,R@1
                 	SUBI R26,LOW(-@2)
                 	SBCI R27,HIGH(-@2)
                 	ST   X,R30
                 	.ENDM
                 
                 	.MACRO __PUTW1RON
                 	MOV  R26,R@0
                 	MOV  R27,R@1
                 	SUBI R26,LOW(-@2)
                 	SBCI R27,HIGH(-@2)
                 	ST   X+,R30
                 	ST   X,R31
                 	.ENDM
                 
                 	.MACRO __PUTD1RON
                 	MOV  R26,R@0
                 	MOV  R27,R@1
                 	SUBI R26,LOW(-@2)
                 	SBCI R27,HIGH(-@2)
                 	CALL __PUTDP1
                 	.ENDM
                 
                 	.MACRO __PUTB1RONS
                 	MOV  R26,R@0
                 	MOV  R27,R@1
                 	ADIW R26,@2
                 	ST   X,R30
                 	.ENDM
                 
                 	.MACRO __PUTW1RONS
                 	MOV  R26,R@0
                 	MOV  R27,R@1
                 	ADIW R26,@2
                 	ST   X+,R30
                 	ST   X,R31
                 	.ENDM
                 
                 	.MACRO __PUTD1RONS
                 	MOV  R26,R@0
                 	MOV  R27,R@1
                 	ADIW R26,@2
                 	CALL __PUTDP1
                 	.ENDM
                 
                 
                 	.MACRO __GETB1SX
                 	MOVW R30,R28
                 	SUBI R30,LOW(-@0)
                 	SBCI R31,HIGH(-@0)
                 	LD   R30,Z
                 	.ENDM
                 
                 	.MACRO __GETB1HSX
                 	MOVW R30,R28
                 	SUBI R30,LOW(-@0)
                 	SBCI R31,HIGH(-@0)
                 	LD   R31,Z
                 	.ENDM
                 
                 	.MACRO __GETW1SX
                 	MOVW R30,R28
                 	SUBI R30,LOW(-@0)
                 	SBCI R31,HIGH(-@0)
                 	LD   R0,Z+
                 	LD   R31,Z
                 	MOV  R30,R0
                 	.ENDM
                 
                 	.MACRO __GETD1SX
                 	MOVW R30,R28
                 	SUBI R30,LOW(-@0)
                 	SBCI R31,HIGH(-@0)
                 	LD   R0,Z+
                 	LD   R1,Z+
                 	LD   R22,Z+
                 	LD   R23,Z
                 	MOVW R30,R0
                 	.ENDM
                 
                 	.MACRO __GETB2SX
                 	MOVW R26,R28
                 	SUBI R26,LOW(-@0)
                 	SBCI R27,HIGH(-@0)
                 	LD   R26,X
                 	.ENDM
                 
                 	.MACRO __GETW2SX
                 	MOVW R26,R28
                 	SUBI R26,LOW(-@0)
                 	SBCI R27,HIGH(-@0)
                 	LD   R0,X+
                 	LD   R27,X
                 	MOV  R26,R0
                 	.ENDM
                 
                 	.MACRO __GETD2SX
                 	MOVW R26,R28
                 	SUBI R26,LOW(-@0)
                 	SBCI R27,HIGH(-@0)
                 	LD   R0,X+
                 	LD   R1,X+
                 	LD   R24,X+
                 	LD   R25,X
                 	MOVW R26,R0
                 	.ENDM
                 
                 	.MACRO __GETBRSX
                 	MOVW R30,R28
                 	SUBI R30,LOW(-@1)
                 	SBCI R31,HIGH(-@1)
                 	LD   R@0,Z
                 	.ENDM
                 
                 	.MACRO __GETWRSX
                 	MOVW R30,R28
                 	SUBI R30,LOW(-@2)
                 	SBCI R31,HIGH(-@2)
                 	LD   R@0,Z+
                 	LD   R@1,Z
                 	.ENDM
                 
                 	.MACRO __GETBRSX2
                 	MOVW R26,R28
                 	SUBI R26,LOW(-@1)
                 	SBCI R27,HIGH(-@1)
                 	LD   R@0,X
                 	.ENDM
                 
                 	.MACRO __GETWRSX2
                 	MOVW R26,R28
                 	SUBI R26,LOW(-@2)
                 	SBCI R27,HIGH(-@2)
                 	LD   R@0,X+
                 	LD   R@1,X
                 	.ENDM
                 
                 	.MACRO __LSLW8SX
                 	MOVW R30,R28
                 	SUBI R30,LOW(-@0)
                 	SBCI R31,HIGH(-@0)
                 	LD   R31,Z
                 	CLR  R30
                 	.ENDM
                 
                 	.MACRO __PUTB1SX
                 	MOVW R26,R28
                 	SUBI R26,LOW(-@0)
                 	SBCI R27,HIGH(-@0)
                 	ST   X,R30
                 	.ENDM
                 
                 	.MACRO __PUTW1SX
                 	MOVW R26,R28
                 	SUBI R26,LOW(-@0)
                 	SBCI R27,HIGH(-@0)
                 	ST   X+,R30
                 	ST   X,R31
                 	.ENDM
                 
                 	.MACRO __PUTD1SX
                 	MOVW R26,R28
                 	SUBI R26,LOW(-@0)
                 	SBCI R27,HIGH(-@0)
                 	ST   X+,R30
                 	ST   X+,R31
                 	ST   X+,R22
                 	ST   X,R23
                 	.ENDM
                 
                 	.MACRO __CLRW1SX
                 	MOVW R26,R28
                 	SUBI R26,LOW(-@0)
                 	SBCI R27,HIGH(-@0)
                 	ST   X+,R30
                 	ST   X,R30
                 	.ENDM
                 
                 	.MACRO __CLRD1SX
                 	MOVW R26,R28
                 	SUBI R26,LOW(-@0)
                 	SBCI R27,HIGH(-@0)
                 	ST   X+,R30
                 	ST   X+,R30
                 	ST   X+,R30
                 	ST   X,R30
                 	.ENDM
                 
                 	.MACRO __PUTB2SX
                 	MOVW R30,R28
                 	SUBI R30,LOW(-@0)
                 	SBCI R31,HIGH(-@0)
                 	ST   Z,R26
                 	.ENDM
                 
                 	.MACRO __PUTW2SX
                 	MOVW R30,R28
                 	SUBI R30,LOW(-@0)
                 	SBCI R31,HIGH(-@0)
                 	ST   Z+,R26
                 	ST   Z,R27
                 	.ENDM
                 
                 	.MACRO __PUTD2SX
                 	MOVW R30,R28
                 	SUBI R30,LOW(-@0)
                 	SBCI R31,HIGH(-@0)
                 	ST   Z+,R26
                 	ST   Z+,R27
                 	ST   Z+,R24
                 	ST   Z,R25
                 	.ENDM
                 
                 	.MACRO __PUTBSRX
                 	MOVW R30,R28
                 	SUBI R30,LOW(-@1)
                 	SBCI R31,HIGH(-@1)
                 	ST   Z,R@0
                 	.ENDM
                 
                 	.MACRO __PUTWSRX
                 	MOVW R30,R28
                 	SUBI R30,LOW(-@2)
                 	SBCI R31,HIGH(-@2)
                 	ST   Z+,R@0
                 	ST   Z,R@1
                 	.ENDM
                 
                 	.MACRO __PUTB1SNX
                 	MOVW R26,R28
                 	SUBI R26,LOW(-@0)
                 	SBCI R27,HIGH(-@0)
                 	LD   R0,X+
                 	LD   R27,X
                 	MOV  R26,R0
                 	SUBI R26,LOW(-@1)
                 	SBCI R27,HIGH(-@1)
                 	ST   X,R30
                 	.ENDM
                 
                 	.MACRO __PUTW1SNX
                 	MOVW R26,R28
                 	SUBI R26,LOW(-@0)
                 	SBCI R27,HIGH(-@0)
                 	LD   R0,X+
                 	LD   R27,X
                 	MOV  R26,R0
                 	SUBI R26,LOW(-@1)
                 	SBCI R27,HIGH(-@1)
                 	ST   X+,R30
                 	ST   X,R31
                 	.ENDM
                 
                 	.MACRO __PUTD1SNX
                 	MOVW R26,R28
                 	SUBI R26,LOW(-@0)
                 	SBCI R27,HIGH(-@0)
                 	LD   R0,X+
                 	LD   R27,X
                 	MOV  R26,R0
                 	SUBI R26,LOW(-@1)
                 	SBCI R27,HIGH(-@1)
                 	ST   X+,R30
                 	ST   X+,R31
                 	ST   X+,R22
                 	ST   X,R23
                 	.ENDM
                 
                 	.MACRO __MULBRR
                 	MULS R@0,R@1
                 	MOVW R30,R0
                 	.ENDM
                 
                 	.MACRO __MULBRRU
                 	MUL  R@0,R@1
                 	MOVW R30,R0
                 	.ENDM
                 
                 	.MACRO __MULBRR0
                 	MULS R@0,R@1
                 	.ENDM
                 
                 	.MACRO __MULBRRU0
                 	MUL  R@0,R@1
                 	.ENDM
                 
                 	.MACRO __MULBNWRU
                 	LDI  R26,@2
                 	MUL  R26,R@0
                 	MOVW R30,R0
                 	MUL  R26,R@1
                 	ADD  R31,R0
                 	.ENDM
                 
                 ;NAME DEFINITIONS FOR GLOBAL VARIABLES ALLOCATED TO REGISTERS
                 	.DEF _a=R4
                 	.DEF _a_msb=R5
                 	.DEF _b=R6
                 	.DEF _b_msb=R7
                 	.DEF _c=R8
                 	.DEF _c_msb=R9
                 	.DEF __lcd_x=R11
                 	.DEF __lcd_y=R10
                 	.DEF __lcd_maxx=R13
                 
                 	.CSEG
                 	.ORG 0x00
                 
                 ;START OF CODE MARKER
                 __START_OF_CODE:
                 
                 ;INTERRUPT VECTORS
000000 940c 0052 	JMP  __RESET
000002 940c 0000 	JMP  0x00
000004 940c 0000 	JMP  0x00
000006 940c 0000 	JMP  0x00
000008 940c 0000 	JMP  0x00
00000a 940c 0000 	JMP  0x00
00000c 940c 0000 	JMP  0x00
00000e 940c 0000 	JMP  0x00
000010 940c 0000 	JMP  0x00
000012 940c 0000 	JMP  0x00
000014 940c 0000 	JMP  0x00
000016 940c 0000 	JMP  0x00
000018 940c 0000 	JMP  0x00
00001a 940c 0000 	JMP  0x00
00001c 940c 0000 	JMP  0x00
00001e 940c 0000 	JMP  0x00
000020 940c 0000 	JMP  0x00
000022 940c 0000 	JMP  0x00
000024 940c 0000 	JMP  0x00
000026 940c 0000 	JMP  0x00
000028 940c 0000 	JMP  0x00
                 
                 _tbl10_G100:
00002a 2710
00002b 03e8
00002c 0064
00002d 000a      	.DB  0x10,0x27,0xE8,0x3,0x64,0x0,0xA,0x0
00002e 0001      	.DB  0x1,0x0
                 _tbl16_G100:
00002f 1000
000030 0100
000031 0010
000032 0001      	.DB  0x0,0x10,0x0,0x1,0x10,0x0,0x1,0x0
                 
                 _0x0:
000033 2520
000034 3230
000035 0064
000036 6554      	.DB  0x20,0x25,0x30,0x32,0x64,0x0,0x54,0x65
000037 706d
000038 253d
000039 2064
00003a 0020      	.DB  0x6D,0x70,0x3D,0x25,0x64,0x20,0x20,0x0
00003b 7241
00003c 6e69
00003d 2761
00003e 2073      	.DB  0x41,0x72,0x69,0x6E,0x61,0x27,0x73,0x20
00003f 7250
000040 6a6f
000041 6365
000042 0074      	.DB  0x50,0x72,0x6F,0x6A,0x65,0x63,0x74,0x0
000043 7270
000044 7365
000045 5f73
000046 656b      	.DB  0x70,0x72,0x65,0x73,0x73,0x5F,0x6B,0x65
000047 0079
000048 656b
000049 2079
00004a 7369      	.DB  0x79,0x0,0x6B,0x65,0x79,0x20,0x69,0x73
00004b 253d
00004c 0064      	.DB  0x3D,0x25,0x64,0x0
                 _0x2020003:
00004d c080      	.DB  0x80,0xC0
                 
                 __GLOBAL_INI_TBL:
00004e 0002      	.DW  0x02
00004f 026f      	.DW  __base_y_G101
000050 009a      	.DW  _0x2020003*2
                 
                 _0xFFFFFFFF:
000051 0000      	.DW  0
                 
                 #define __GLOBAL_INI_TBL_PRESENT 1
                 
                 __RESET:
000052 94f8      	CLI
000053 27ee      	CLR  R30
000054 bbec      	OUT  EECR,R30
                 
                 ;INTERRUPT VECTORS ARE PLACED
                 ;AT THE START OF FLASH
000055 e0f1      	LDI  R31,1
000056 bffb      	OUT  GICR,R31
000057 bfeb      	OUT  GICR,R30
000058 bfe5      	OUT  MCUCR,R30
                 
                 ;CLEAR R2-R14
000059 e08d      	LDI  R24,(14-2)+1
00005a e0a2      	LDI  R26,2
00005b 27bb      	CLR  R27
                 __CLEAR_REG:
00005c 93ed      	ST   X+,R30
00005d 958a      	DEC  R24
00005e f7e9      	BRNE __CLEAR_REG
                 
                 ;CLEAR SRAM
00005f e080      	LDI  R24,LOW(__CLEAR_SRAM_SIZE)
000060 e098      	LDI  R25,HIGH(__CLEAR_SRAM_SIZE)
000061 e6a0      	LDI  R26,__SRAM_START
                 __CLEAR_SRAM:
000062 93ed      	ST   X+,R30
000063 9701      	SBIW R24,1
000064 f7e9      	BRNE __CLEAR_SRAM
                 
                 ;GLOBAL VARIABLES INITIALIZATION
000065 e9ec      	LDI  R30,LOW(__GLOBAL_INI_TBL*2)
000066 e0f0      	LDI  R31,HIGH(__GLOBAL_INI_TBL*2)
                 __GLOBAL_INI_NEXT:
000067 9185      	LPM  R24,Z+
000068 9195      	LPM  R25,Z+
000069 9700      	SBIW R24,0
00006a f061      	BREQ __GLOBAL_INI_END
00006b 91a5      	LPM  R26,Z+
00006c 91b5      	LPM  R27,Z+
00006d 9005      	LPM  R0,Z+
00006e 9015      	LPM  R1,Z+
00006f 01bf      	MOVW R22,R30
000070 01f0      	MOVW R30,R0
                 __GLOBAL_INI_LOOP:
000071 9005      	LPM  R0,Z+
000072 920d      	ST   X+,R0
000073 9701      	SBIW R24,1
000074 f7e1      	BRNE __GLOBAL_INI_LOOP
000075 01fb      	MOVW R30,R22
000076 cff0      	RJMP __GLOBAL_INI_NEXT
                 __GLOBAL_INI_END:
                 
                 ;HARDWARE STACK POINTER INITIALIZATION
000077 e5ef      	LDI  R30,LOW(__SRAM_END-__HEAP_SIZE)
000078 bfed      	OUT  SPL,R30
000079 e0e8      	LDI  R30,HIGH(__SRAM_END-__HEAP_SIZE)
00007a bfee      	OUT  SPH,R30
                 
                 ;DATA STACK POINTER INITIALIZATION
00007b e6c0      	LDI  R28,LOW(__SRAM_START+__DSTACK_SIZE)
00007c e0d2      	LDI  R29,HIGH(__SRAM_START+__DSTACK_SIZE)
                 
00007d 940c 0113 	JMP  _main
                 
                 	.ESEG
                 	.ORG 0
                 
                 	.DSEG
                 	.ORG 0x260
                 
                 	.CSEG
                 ;/*******************************************************
                 ;Name:Arina Sadeghi Khiabanian
                 ;Student Number:960171407
                 ;Class:Saturday
                 ;Time:10:50
                 ;
                 ;This program was created by the
                 ;CodeWizardAVR V3.12 Advanced
                 ;Automatic Program Generator
                 ;© Copyright 1998-2014 Pavel Haiduc, HP InfoTech s.r.l.
                 ;http://www.hpinfotech.com
                 ;
                 ;Project :
                 ;Version :
                 ;Date    : 12/11/2021
                 ;Author  :
                 ;Company :
                 ;Comments:
                 ;
                 ;
                 ;Chip type               : ATmega32
                 ;Program type            : Application
                 ;AVR Core Clock frequency: 1.000000 MHz
                 ;Memory model            : Small
                 ;External RAM size       : 0
                 ;Data Stack size         : 512
                 ;*******************************************************/
                 ;
                 ;#include <mega32.h>
                 	#ifndef __SLEEP_DEFINED__
                 	#define __SLEEP_DEFINED__
                 	.EQU __se_bit=0x80
                 	.EQU __sm_mask=0x70
                 	.EQU __sm_powerdown=0x20
                 	.EQU __sm_powersave=0x30
                 	.EQU __sm_standby=0x60
                 	.EQU __sm_ext_standby=0x70
                 	.EQU __sm_adc_noise_red=0x10
                 	.SET power_ctrl_reg=mcucr
                 	#endif
                 ;#include <stdio.h>
                 ;#include <delay.h>
                 ;// Alphanumeric LCD functions
                 ;#include <alcd.h>
                 ;#define ADC_VREF_TYPE 0xC0
                 ;
                 ;unsigned int read_adc(unsigned char adc_input)
                 ; 0000 0025 {
                 
                 	.CSEG
                 _read_adc:
                 ; .FSTART _read_adc
                 ; 0000 0026 ADMUX=adc_input | (ADC_VREF_TYPE & 0xff);
00007f 93aa      	ST   -Y,R26
                 ;	adc_input -> Y+0
000080 81e8      	LD   R30,Y
000081 6ce0      	ORI  R30,LOW(0xC0)
000082 b9e7      	OUT  0x7,R30
                 ; 0000 0027 // Delay needed for the stabilization of the ADC input voltage
                 ; 0000 0028 delay_us(10);
                +
000083 e083     +LDI R24 , LOW ( 3 )
                +__DELAY_USB_LOOP :
000084 958a     +DEC R24
000085 f7f1     +BRNE __DELAY_USB_LOOP
                 	__DELAY_USB 3
                 ; 0000 0029 // Start the AD conversion
                 ; 0000 002A ADCSRA|=(0x40);
000086 9a36      	SBI  0x6,6
                 ; 0000 002B // Wait for the AD conversion to complete
                 ; 0000 002C while ((ADCSRA & 0x10)==0);
                 _0x3:
000087 9b34      	SBIS 0x6,4
000088 cffe      	RJMP _0x3
                 ; 0000 002D ADCSRA|=(0x10);
000089 9a34      	SBI  0x6,4
                 ; 0000 002E return ADCW;
00008a b1e4      	IN   R30,0x4
00008b b1f5      	IN   R31,0x4+1
00008c 940c 03c8 	JMP  _0x2080001
                 ; 0000 002F }
                 ; .FEND
                 ;
                 ;unsigned int a,b,c;
                 ;char s[15];
                 ;// Declare your global variables here
                 ;int get_key (void){
                 ; 0000 0034 int get_key (void){
                 _get_key:
                 ; .FSTART _get_key
                 ; 0000 0035 DDRC = 0b00000000;
00008e e0e0      	LDI  R30,LOW(0)
00008f bbe4      	OUT  0x14,R30
                 ; 0000 0036 PORTC = 0b00001111;//pc0_pc3
000090 e0ef      	LDI  R30,LOW(15)
000091 bbe5      	OUT  0x15,R30
                 ; 0000 0037 //
                 ; 0000 0038 DDRC = 0b00010000;
000092 e1e0      	LDI  R30,LOW(16)
000093 bbe4      	OUT  0x14,R30
                 ; 0000 0039 if(PINC.0==0) return sprintf(s," %02d",7);//IR0
000094 9998      	SBIC 0x13,0
000095 c007      	RJMP _0x6
000096 940e 03e3 	CALL SUBOPT_0x0
                +
000098 e0e7     +LDI R30 , LOW ( 0x7 )
000099 e0f0     +LDI R31 , HIGH ( 0x7 )
00009a e060     +LDI R22 , BYTE3 ( 0x7 )
00009b e070     +LDI R23 , BYTE4 ( 0x7 )
                 	__GETD1N 0x7
00009c c051      	RJMP _0x2080004
                 ; 0000 003A if(PINC.1==0) return sprintf(s," %02d",4);//IR1
                 _0x6:
00009d 9999      	SBIC 0x13,1
00009e c007      	RJMP _0x7
00009f 940e 03e3 	CALL SUBOPT_0x0
                +
0000a1 e0e4     +LDI R30 , LOW ( 0x4 )
0000a2 e0f0     +LDI R31 , HIGH ( 0x4 )
0000a3 e060     +LDI R22 , BYTE3 ( 0x4 )
0000a4 e070     +LDI R23 , BYTE4 ( 0x4 )
                 	__GETD1N 0x4
0000a5 c048      	RJMP _0x2080004
                 ; 0000 003B if(PINC.2==0) return sprintf(s,"Temp=%d  ",(read_adc(0))/4);//IR2
                 _0x7:
0000a6 999a      	SBIC 0x13,2
0000a7 c004      	RJMP _0x8
0000a8 940e 03ec 	CALL SUBOPT_0x1
0000aa e0a0      	LDI  R26,LOW(0)
0000ab c03d      	RJMP _0x2080005
                 ; 0000 003C if(PINC.3==0) return 13;//IR3
                 _0x8:
0000ac 999b      	SBIC 0x13,3
0000ad c003      	RJMP _0x9
0000ae e0ed      	LDI  R30,LOW(13)
0000af e0f0      	LDI  R31,HIGH(13)
0000b0 9508      	RET
                 ; 0000 003D //
                 ; 0000 003E DDRC = 0b00100000;
                 _0x9:
0000b1 e2e0      	LDI  R30,LOW(32)
0000b2 bbe4      	OUT  0x14,R30
                 ; 0000 003F if(PINC.0==0) return sprintf(s," %02d",8);
0000b3 9998      	SBIC 0x13,0
0000b4 c007      	RJMP _0xA
0000b5 940e 03e3 	CALL SUBOPT_0x0
                +
0000b7 e0e8     +LDI R30 , LOW ( 0x8 )
0000b8 e0f0     +LDI R31 , HIGH ( 0x8 )
0000b9 e060     +LDI R22 , BYTE3 ( 0x8 )
0000ba e070     +LDI R23 , BYTE4 ( 0x8 )
                 	__GETD1N 0x8
0000bb c032      	RJMP _0x2080004
                 ; 0000 0040 if(PINC.1==0) return sprintf(s," %02d",5);
                 _0xA:
0000bc 9999      	SBIC 0x13,1
0000bd c007      	RJMP _0xB
0000be 940e 03e3 	CALL SUBOPT_0x0
                +
0000c0 e0e5     +LDI R30 , LOW ( 0x5 )
0000c1 e0f0     +LDI R31 , HIGH ( 0x5 )
0000c2 e060     +LDI R22 , BYTE3 ( 0x5 )
0000c3 e070     +LDI R23 , BYTE4 ( 0x5 )
                 	__GETD1N 0x5
0000c4 c029      	RJMP _0x2080004
                 ; 0000 0041 if(PINC.2==0) return sprintf(s,"Temp=%d  ",(read_adc(1))/4);//IR2
                 _0xB:
0000c5 999a      	SBIC 0x13,2
0000c6 c004      	RJMP _0xC
0000c7 940e 03ec 	CALL SUBOPT_0x1
0000c9 e0a1      	LDI  R26,LOW(1)
0000ca c01e      	RJMP _0x2080005
                 ; 0000 0042 if(PINC.3==0) return 0;//IR3
                 _0xC:
0000cb 999b      	SBIC 0x13,3
0000cc c003      	RJMP _0xD
0000cd e0e0      	LDI  R30,LOW(0)
0000ce e0f0      	LDI  R31,HIGH(0)
0000cf 9508      	RET
                 ; 0000 0043 //
                 ; 0000 0044 DDRC = 0b01000000;
                 _0xD:
0000d0 e4e0      	LDI  R30,LOW(64)
0000d1 bbe4      	OUT  0x14,R30
                 ; 0000 0045 if(PINC.0==0) return sprintf(s," %02d",9);//IR0
0000d2 9998      	SBIC 0x13,0
0000d3 c007      	RJMP _0xE
0000d4 940e 03e3 	CALL SUBOPT_0x0
                +
0000d6 e0e9     +LDI R30 , LOW ( 0x9 )
0000d7 e0f0     +LDI R31 , HIGH ( 0x9 )
0000d8 e060     +LDI R22 , BYTE3 ( 0x9 )
0000d9 e070     +LDI R23 , BYTE4 ( 0x9 )
                 	__GETD1N 0x9
0000da c013      	RJMP _0x2080004
                 ; 0000 0046 if(PINC.1==0) return sprintf(s," %02d",6);//IR1
                 _0xE:
0000db 9999      	SBIC 0x13,1
0000dc c007      	RJMP _0xF
0000dd 940e 03e3 	CALL SUBOPT_0x0
                +
0000df e0e6     +LDI R30 , LOW ( 0x6 )
0000e0 e0f0     +LDI R31 , HIGH ( 0x6 )
0000e1 e060     +LDI R22 , BYTE3 ( 0x6 )
0000e2 e070     +LDI R23 , BYTE4 ( 0x6 )
                 	__GETD1N 0x6
0000e3 c00a      	RJMP _0x2080004
                 ; 0000 0047 if(PINC.2==0) return sprintf(s,"Temp=%d  ",(read_adc(2))/4);//IR2
                 _0xF:
0000e4 999a      	SBIC 0x13,2
0000e5 c00f      	RJMP _0x10
0000e6 940e 03ec 	CALL SUBOPT_0x1
0000e8 e0a2      	LDI  R26,LOW(2)
                 _0x2080005:
0000e9 df95      	RCALL _read_adc
0000ea 940e 0440 	CALL __LSRW2
0000ec 2766      	CLR  R22
0000ed 2777      	CLR  R23
                 _0x2080004:
0000ee 940e 0452 	CALL __PUTPARD1
0000f0 e084      	LDI  R24,4
0000f1 940e 02f9 	CALL _sprintf
0000f3 9628      	ADIW R28,8
0000f4 9508      	RET
                 ; 0000 0048 if(PINC.3==0) return 14;//IR3
                 _0x10:
0000f5 999b      	SBIC 0x13,3
0000f6 c003      	RJMP _0x11
0000f7 e0ee      	LDI  R30,LOW(14)
0000f8 e0f0      	LDI  R31,HIGH(14)
0000f9 9508      	RET
                 ; 0000 0049 //
                 ; 0000 004A DDRC = 0b10000000;
                 _0x11:
0000fa e8e0      	LDI  R30,LOW(128)
0000fb bbe4      	OUT  0x14,R30
                 ; 0000 004B if(PINC.0==0) return 10;//IR0
0000fc 9998      	SBIC 0x13,0
0000fd c003      	RJMP _0x12
0000fe e0ea      	LDI  R30,LOW(10)
0000ff e0f0      	LDI  R31,HIGH(10)
000100 9508      	RET
                 ; 0000 004C if(PINC.1==0) return 11;//IR1
                 _0x12:
000101 9999      	SBIC 0x13,1
000102 c003      	RJMP _0x13
000103 e0eb      	LDI  R30,LOW(11)
000104 e0f0      	LDI  R31,HIGH(11)
000105 9508      	RET
                 ; 0000 004D if(PINC.2==0) return 12;//IR2
                 _0x13:
000106 999a      	SBIC 0x13,2
000107 c003      	RJMP _0x14
000108 e0ec      	LDI  R30,LOW(12)
000109 e0f0      	LDI  R31,HIGH(12)
00010a 9508      	RET
                 ; 0000 004E if(PINC.3==0) return 15;//IR3
                 _0x14:
00010b 999b      	SBIC 0x13,3
00010c c003      	RJMP _0x15
00010d e0ef      	LDI  R30,LOW(15)
00010e e0f0      	LDI  R31,HIGH(15)
00010f 9508      	RET
                 ; 0000 004F //
                 ; 0000 0050 return 255;
                 _0x15:
000110 efef      	LDI  R30,LOW(255)
000111 e0f0      	LDI  R31,HIGH(255)
000112 9508      	RET
                 ; 0000 0051 }
                 ; .FEND
                 ;
                 ;void main(void)
                 ; 0000 0054 
                 ; 0000 0055 {
                 _main:
                 ; .FSTART _main
                 ; 0000 0056 int key;
                 ; 0000 0057 char buffer[15];
                 ; 0000 0058 // Declare your local variables here
                 ; 0000 0059 
                 ; 0000 005A // Input/Output Ports initialization
                 ; 0000 005B // Port A initialization
                 ; 0000 005C // Function: Bit7=In Bit6=In Bit5=In Bit4=In Bit3=In Bit2=In Bit1=In Bit0=In
                 ; 0000 005D DDRA=(0<<DDA7) | (0<<DDA6) | (0<<DDA5) | (0<<DDA4) | (0<<DDA3) | (0<<DDA2) | (0<<DDA1) | (0<<DDA0);
000113 972f      	SBIW R28,15
                 ;	key -> R16,R17
                 ;	buffer -> Y+0
000114 e0e0      	LDI  R30,LOW(0)
000115 bbea      	OUT  0x1A,R30
                 ; 0000 005E // State: Bit7=T Bit6=T Bit5=T Bit4=T Bit3=T Bit2=T Bit1=T Bit0=T
                 ; 0000 005F PORTA=(0<<PORTA7) | (0<<PORTA6) | (0<<PORTA5) | (0<<PORTA4) | (0<<PORTA3) | (0<<PORTA2) | (0<<PORTA1) | (0<<PORTA0);
000116 bbeb      	OUT  0x1B,R30
                 ; 0000 0060 
                 ; 0000 0061 // Port B initialization
                 ; 0000 0062 // Function: Bit7=In Bit6=In Bit5=In Bit4=In Bit3=In Bit2=In Bit1=In Bit0=In
                 ; 0000 0063 DDRB=(0<<DDB7) | (0<<DDB6) | (0<<DDB5) | (0<<DDB4) | (0<<DDB3) | (0<<DDB2) | (0<<DDB1) | (0<<DDB0);
000117 bbe7      	OUT  0x17,R30
                 ; 0000 0064 // State: Bit7=T Bit6=T Bit5=T Bit4=T Bit3=T Bit2=T Bit1=T Bit0=T
                 ; 0000 0065 PORTB=(0<<PORTB7) | (0<<PORTB6) | (0<<PORTB5) | (0<<PORTB4) | (0<<PORTB3) | (0<<PORTB2) | (0<<PORTB1) | (0<<PORTB0);
000118 bbe8      	OUT  0x18,R30
                 ; 0000 0066 
                 ; 0000 0067 // Port C initialization
                 ; 0000 0068 // Function: Bit7=In Bit6=In Bit5=In Bit4=In Bit3=In Bit2=In Bit1=In Bit0=In
                 ; 0000 0069 DDRC=(0<<DDC7) | (0<<DDC6) | (0<<DDC5) | (0<<DDC4) | (0<<DDC3) | (0<<DDC2) | (0<<DDC1) | (0<<DDC0);
000119 bbe4      	OUT  0x14,R30
                 ; 0000 006A // State: Bit7=T Bit6=T Bit5=T Bit4=T Bit3=T Bit2=T Bit1=T Bit0=T
                 ; 0000 006B PORTC=(0<<PORTC7) | (0<<PORTC6) | (0<<PORTC5) | (0<<PORTC4) | (0<<PORTC3) | (0<<PORTC2) | (0<<PORTC1) | (0<<PORTC0);
00011a bbe5      	OUT  0x15,R30
                 ; 0000 006C 
                 ; 0000 006D // Port D initialization
                 ; 0000 006E // Function: Bit7=In Bit6=In Bit5=In Bit4=In Bit3=In Bit2=In Bit1=In Bit0=In
                 ; 0000 006F DDRD=(0<<DDD7) | (0<<DDD6) | (0<<DDD5) | (0<<DDD4) | (0<<DDD3) | (0<<DDD2) | (0<<DDD1) | (0<<DDD0);
00011b bbe1      	OUT  0x11,R30
                 ; 0000 0070 // State: Bit7=T Bit6=T Bit5=T Bit4=T Bit3=T Bit2=T Bit1=T Bit0=T
                 ; 0000 0071 PORTD=(0<<PORTD7) | (0<<PORTD6) | (0<<PORTD5) | (0<<PORTD4) | (0<<PORTD3) | (0<<PORTD2) | (0<<PORTD1) | (0<<PORTD0);
00011c bbe2      	OUT  0x12,R30
                 ; 0000 0072 
                 ; 0000 0073 // Timer/Counter 0 initialization
                 ; 0000 0074 // Clock source: System Clock
                 ; 0000 0075 // Clock value: Timer 0 Stopped
                 ; 0000 0076 // Mode: Normal top=0xFF
                 ; 0000 0077 // OC0 output: Disconnected
                 ; 0000 0078 TCCR0=(0<<WGM00) | (0<<COM01) | (0<<COM00) | (0<<WGM01) | (0<<CS02) | (0<<CS01) | (0<<CS00);
00011d bfe3      	OUT  0x33,R30
                 ; 0000 0079 TCNT0=0x00;
00011e bfe2      	OUT  0x32,R30
                 ; 0000 007A OCR0=0x00;
00011f bfec      	OUT  0x3C,R30
                 ; 0000 007B 
                 ; 0000 007C // Timer/Counter 1 initialization
                 ; 0000 007D // Clock source: System Clock
                 ; 0000 007E // Clock value: Timer1 Stopped
                 ; 0000 007F // Mode: Normal top=0xFFFF
                 ; 0000 0080 // OC1A output: Disconnected
                 ; 0000 0081 // OC1B output: Disconnected
                 ; 0000 0082 // Noise Canceler: Off
                 ; 0000 0083 // Input Capture on Falling Edge
                 ; 0000 0084 // Timer1 Overflow Interrupt: Off
                 ; 0000 0085 // Input Capture Interrupt: Off
                 ; 0000 0086 // Compare A Match Interrupt: Off
                 ; 0000 0087 // Compare B Match Interrupt: Off
                 ; 0000 0088 TCCR1A=(0<<COM1A1) | (0<<COM1A0) | (0<<COM1B1) | (0<<COM1B0) | (0<<WGM11) | (0<<WGM10);
000120 bdef      	OUT  0x2F,R30
                 ; 0000 0089 TCCR1B=(0<<ICNC1) | (0<<ICES1) | (0<<WGM13) | (0<<WGM12) | (0<<CS12) | (0<<CS11) | (0<<CS10);
000121 bdee      	OUT  0x2E,R30
                 ; 0000 008A TCNT1H=0x00;
000122 bded      	OUT  0x2D,R30
                 ; 0000 008B TCNT1L=0x00;
000123 bdec      	OUT  0x2C,R30
                 ; 0000 008C ICR1H=0x00;
000124 bde7      	OUT  0x27,R30
                 ; 0000 008D ICR1L=0x00;
000125 bde6      	OUT  0x26,R30
                 ; 0000 008E OCR1AH=0x00;
000126 bdeb      	OUT  0x2B,R30
                 ; 0000 008F OCR1AL=0x00;
000127 bdea      	OUT  0x2A,R30
                 ; 0000 0090 OCR1BH=0x00;
000128 bde9      	OUT  0x29,R30
                 ; 0000 0091 OCR1BL=0x00;
000129 bde8      	OUT  0x28,R30
                 ; 0000 0092 
                 ; 0000 0093 // Timer/Counter 2 initialization
                 ; 0000 0094 // Clock source: System Clock
                 ; 0000 0095 // Clock value: Timer2 Stopped
                 ; 0000 0096 // Mode: Normal top=0xFF
                 ; 0000 0097 // OC2 output: Disconnected
                 ; 0000 0098 ASSR=0<<AS2;
00012a bde2      	OUT  0x22,R30
                 ; 0000 0099 TCCR2=(0<<PWM2) | (0<<COM21) | (0<<COM20) | (0<<CTC2) | (0<<CS22) | (0<<CS21) | (0<<CS20);
00012b bde5      	OUT  0x25,R30
                 ; 0000 009A TCNT2=0x00;
00012c bde4      	OUT  0x24,R30
                 ; 0000 009B OCR2=0x00;
00012d bde3      	OUT  0x23,R30
                 ; 0000 009C 
                 ; 0000 009D // Timer(s)/Counter(s) Interrupt(s) initialization
                 ; 0000 009E TIMSK=(0<<OCIE2) | (0<<TOIE2) | (0<<TICIE1) | (0<<OCIE1A) | (0<<OCIE1B) | (0<<TOIE1) | (0<<OCIE0) | (0<<TOIE0);
00012e bfe9      	OUT  0x39,R30
                 ; 0000 009F 
                 ; 0000 00A0 // External Interrupt(s) initialization
                 ; 0000 00A1 // INT0: Off
                 ; 0000 00A2 // INT1: Off
                 ; 0000 00A3 // INT2: Off
                 ; 0000 00A4 MCUCR=(0<<ISC11) | (0<<ISC10) | (0<<ISC01) | (0<<ISC00);
00012f bfe5      	OUT  0x35,R30
                 ; 0000 00A5 MCUCSR=(0<<ISC2);
000130 bfe4      	OUT  0x34,R30
                 ; 0000 00A6 
                 ; 0000 00A7 // USART initialization
                 ; 0000 00A8 // USART disabled
                 ; 0000 00A9 UCSRB=(0<<RXCIE) | (0<<TXCIE) | (0<<UDRIE) | (0<<RXEN) | (0<<TXEN) | (0<<UCSZ2) | (0<<RXB8) | (0<<TXB8);
000131 b9ea      	OUT  0xA,R30
                 ; 0000 00AA 
                 ; 0000 00AB // Analog Comparator initialization
                 ; 0000 00AC // Analog Comparator: Off
                 ; 0000 00AD // The Analog Comparator's positive input is
                 ; 0000 00AE // connected to the AIN0 pin
                 ; 0000 00AF // The Analog Comparator's negative input is
                 ; 0000 00B0 // connected to the AIN1 pin
                 ; 0000 00B1 ACSR=(1<<ACD) | (0<<ACBG) | (0<<ACO) | (0<<ACI) | (0<<ACIE) | (0<<ACIC) | (0<<ACIS1) | (0<<ACIS0);
000132 e8e0      	LDI  R30,LOW(128)
000133 b9e8      	OUT  0x8,R30
                 ; 0000 00B2 SFIOR=(0<<ACME);
000134 e0e0      	LDI  R30,LOW(0)
000135 bfe0      	OUT  0x30,R30
                 ; 0000 00B3 
                 ; 0000 00B4 // ADC initialization
                 ; 0000 00B5 // ADC disabled
                 ; 0000 00B6 ADCSRA=(0<<ADEN) | (0<<ADSC) | (0<<ADATE) | (0<<ADIF) | (0<<ADIE) | (0<<ADPS2) | (0<<ADPS1) | (0<<ADPS0);
000136 b9e6      	OUT  0x6,R30
                 ; 0000 00B7 
                 ; 0000 00B8 // SPI initialization
                 ; 0000 00B9 // SPI disabled
                 ; 0000 00BA SPCR=(0<<SPIE) | (0<<SPE) | (0<<DORD) | (0<<MSTR) | (0<<CPOL) | (0<<CPHA) | (0<<SPR1) | (0<<SPR0);
000137 b9ed      	OUT  0xD,R30
                 ; 0000 00BB 
                 ; 0000 00BC // TWI initialization
                 ; 0000 00BD // TWI disabled
                 ; 0000 00BE TWCR=(0<<TWEA) | (0<<TWSTA) | (0<<TWSTO) | (0<<TWEN) | (0<<TWIE);
000138 bfe6      	OUT  0x36,R30
                 ; 0000 00BF 
                 ; 0000 00C0 // Alphanumeric LCD initialization
                 ; 0000 00C1 // Connections are specified in the
                 ; 0000 00C2 // Project|Configure|C Compiler|Libraries|Alphanumeric LCD menu:
                 ; 0000 00C3 // RS - PORTA Bit 0
                 ; 0000 00C4 // RD - PORTA Bit 1
                 ; 0000 00C5 // EN - PORTA Bit 2
                 ; 0000 00C6 // D4 - PORTA Bit 4
                 ; 0000 00C7 // D5 - PORTA Bit 5
                 ; 0000 00C8 // D6 - PORTA Bit 6
                 ; 0000 00C9 // D7 - PORTA Bit 7
                 ; 0000 00CA // Characters/line: 16
                 ; 0000 00CB PORTB=0x00;
000139 bbe8      	OUT  0x18,R30
                 ; 0000 00CC DDRB=0xf7;
00013a efe7      	LDI  R30,LOW(247)
00013b bbe7      	OUT  0x17,R30
                 ; 0000 00CD 
                 ; 0000 00CE ADMUX=ADC_VREF_TYPE&0xff;
00013c ece0      	LDI  R30,LOW(192)
00013d b9e7      	OUT  0x7,R30
                 ; 0000 00CF ADCSRA=0x83;
00013e e8e3      	LDI  R30,LOW(131)
00013f b9e6      	OUT  0x6,R30
                 ; 0000 00D0 
                 ; 0000 00D1 lcd_init(16);
000140 e1a0      	LDI  R26,LOW(16)
000141 940e 039d 	CALL _lcd_init
                 ; 0000 00D2 
                 ; 0000 00D3 while (1)
                 _0x16:
                 ; 0000 00D4       {
                 ; 0000 00D5       a=read_adc(0);
000143 e0a0      	LDI  R26,LOW(0)
000144 df3a      	RCALL _read_adc
000145 012f      	MOVW R4,R30
                 ; 0000 00D6       b=read_adc(1);
000146 e0a1      	LDI  R26,LOW(1)
000147 df37      	RCALL _read_adc
000148 013f      	MOVW R6,R30
                 ; 0000 00D7       c=read_adc(2);
000149 e0a2      	LDI  R26,LOW(2)
00014a df34      	RCALL _read_adc
00014b 014f      	MOVW R8,R30
                 ; 0000 00D8 //       sprintf(s,"Temp=%d  ",a/4);
                 ; 0000 00D9 //       lcd_gotoxy(0,0);
                 ; 0000 00DA //       lcd_puts(s);
                 ; 0000 00DB       // Place your code here
                 ; 0000 00DC        lcd_gotoxy(0,0);
00014c e0e0      	LDI  R30,LOW(0)
00014d 93ea      	ST   -Y,R30
00014e e0a0      	LDI  R26,LOW(0)
00014f 940e 034d 	CALL _lcd_gotoxy
                 ; 0000 00DD        lcd_putsf("Arina's Project");
                +
000151 e7a6     +LDI R26 , LOW ( 2 * _0x0 + ( 16 ) )
000152 e0b0     +LDI R27 , HIGH ( 2 * _0x0 + ( 16 ) )
                 	__POINTW2FN _0x0,16
000153 940e 038a 	CALL _lcd_putsf
                 ; 0000 00DE        lcd_gotoxy(0,1);
000155 e0e0      	LDI  R30,LOW(0)
000156 93ea      	ST   -Y,R30
000157 e0a1      	LDI  R26,LOW(1)
000158 940e 034d 	CALL _lcd_gotoxy
                 ; 0000 00DF        lcd_putsf("press_key");
                +
00015a e8a6     +LDI R26 , LOW ( 2 * _0x0 + ( 32 ) )
00015b e0b0     +LDI R27 , HIGH ( 2 * _0x0 + ( 32 ) )
                 	__POINTW2FN _0x0,32
00015c 940e 038a 	CALL _lcd_putsf
                 ; 0000 00E0         key = get_key();
00015e df2f      	RCALL _get_key
00015f 018f      	MOVW R16,R30
                 ; 0000 00E1             if(key<255){
                +
000160 3f0f     +CPI R16 , LOW ( 255 )
000161 e0e0     +LDI R30 , HIGH ( 255 )
000162 071e     +CPC R17 , R30
                 	__CPWRN 16,17,255
000163 f4fc      	BRGE _0x19
                 ; 0000 00E2             sprintf(buffer,"key is=%d",key);
000164 01fe      	MOVW R30,R28
000165 93fa      	ST   -Y,R31
000166 93ea      	ST   -Y,R30
                +
000167 e9e0     +LDI R30 , LOW ( 2 * _0x0 + ( 42 ) )
000168 e0f0     +LDI R31 , HIGH ( 2 * _0x0 + ( 42 ) )
                 	__POINTW1FN _0x0,42
000169 93fa      	ST   -Y,R31
00016a 93ea      	ST   -Y,R30
00016b 01f8      	MOVW R30,R16
00016c 940e 0445 	CALL __CWD1
00016e 940e 0452 	CALL __PUTPARD1
000170 e084      	LDI  R24,4
000171 940e 02f9 	CALL _sprintf
000173 9628      	ADIW R28,8
                 ; 0000 00E3             lcd_clear();
000174 940e 035a 	CALL _lcd_clear
                 ; 0000 00E4             lcd_gotoxy(0,0);
000176 e0e0      	LDI  R30,LOW(0)
000177 93ea      	ST   -Y,R30
000178 e0a0      	LDI  R26,LOW(0)
000179 940e 034d 	CALL _lcd_gotoxy
                 ; 0000 00E5             lcd_puts(s);
00017b e6a0      	LDI  R26,LOW(_s)
00017c e0b2      	LDI  R27,HIGH(_s)
00017d 940e 037b 	CALL _lcd_puts
                 ; 0000 00E6             delay_ms(500);
00017f efa4      	LDI  R26,LOW(500)
000180 e0b1      	LDI  R27,HIGH(500)
000181 940e 042e 	CALL _delay_ms
                 ; 0000 00E7             }
                 ; 0000 00E8       }
                 _0x19:
000183 cfbf      	RJMP _0x16
                 ; 0000 00E9 }
                 _0x1A:
000184 cfff      	RJMP _0x1A
                 ; .FEND
                 	#ifndef __SLEEP_DEFINED__
                 	#endif
                 
                 	.CSEG
                 _put_buff_G100:
                 ; .FSTART _put_buff_G100
000185 93ba      	ST   -Y,R27
000186 93aa      	ST   -Y,R26
000187 931a      	ST   -Y,R17
000188 930a      	ST   -Y,R16
000189 81aa      	LDD  R26,Y+2
00018a 81bb      	LDD  R27,Y+2+1
00018b 9612      	ADIW R26,2
00018c 940e 044a 	CALL __GETW1P
00018e 9730      	SBIW R30,0
00018f f159      	BREQ _0x2000010
000190 81aa      	LDD  R26,Y+2
000191 81bb      	LDD  R27,Y+2+1
000192 9614      	ADIW R26,4
000193 940e 044a 	CALL __GETW1P
000195 018f      	MOVW R16,R30
000196 9730      	SBIW R30,0
000197 f061      	BREQ _0x2000012
                +
000198 3002     +CPI R16 , LOW ( 2 )
000199 e0e0     +LDI R30 , HIGH ( 2 )
00019a 071e     +CPC R17 , R30
                 	__CPWRN 16,17,2
00019b f098      	BRLO _0x2000013
00019c 01f8      	MOVW R30,R16
00019d 9731      	SBIW R30,1
00019e 018f      	MOVW R16,R30
                +
00019f 81aa     +LDD R26 , Y + 2
0001a0 81bb     +LDD R27 , Y + 2 + 1
0001a1 9614     +ADIW R26 , 4
0001a2 93ed     +ST X + , R30
0001a3 93fc     +ST X , R31
                 	__PUTW1SNS 2,4
                 _0x2000012:
0001a4 81aa      	LDD  R26,Y+2
0001a5 81bb      	LDD  R27,Y+2+1
0001a6 9612      	ADIW R26,2
0001a7 91ed      	LD   R30,X+
0001a8 91fd      	LD   R31,X+
0001a9 9631      	ADIW R30,1
0001aa 93fe      	ST   -X,R31
0001ab 93ee      	ST   -X,R30
0001ac 9731      	SBIW R30,1
0001ad 81ac      	LDD  R26,Y+4
0001ae 83a0      	STD  Z+0,R26
                 _0x2000013:
0001af 81aa      	LDD  R26,Y+2
0001b0 81bb      	LDD  R27,Y+2+1
0001b1 940e 044a 	CALL __GETW1P
0001b3 23ff      	TST  R31
0001b4 f02a      	BRMI _0x2000014
0001b5 91ed      	LD   R30,X+
0001b6 91fd      	LD   R31,X+
0001b7 9631      	ADIW R30,1
0001b8 93fe      	ST   -X,R31
0001b9 93ee      	ST   -X,R30
                 _0x2000014:
0001ba c006      	RJMP _0x2000015
                 _0x2000010:
0001bb 81aa      	LDD  R26,Y+2
0001bc 81bb      	LDD  R27,Y+2+1
0001bd efef      	LDI  R30,LOW(65535)
0001be efff      	LDI  R31,HIGH(65535)
0001bf 93ed      	ST   X+,R30
0001c0 93fc      	ST   X,R31
                 _0x2000015:
0001c1 8119      	LDD  R17,Y+1
0001c2 8108      	LDD  R16,Y+0
0001c3 9625      	ADIW R28,5
0001c4 9508      	RET
                 ; .FEND
                 __print_G100:
                 ; .FSTART __print_G100
0001c5 93ba      	ST   -Y,R27
0001c6 93aa      	ST   -Y,R26
0001c7 9726      	SBIW R28,6
0001c8 940e 0457 	CALL __SAVELOCR6
0001ca e010      	LDI  R17,0
0001cb 85ac      	LDD  R26,Y+12
0001cc 85bd      	LDD  R27,Y+12+1
0001cd e0e0      	LDI  R30,LOW(0)
0001ce e0f0      	LDI  R31,HIGH(0)
0001cf 93ed      	ST   X+,R30
0001d0 93fc      	ST   X,R31
                 _0x2000016:
0001d1 89ea      	LDD  R30,Y+18
0001d2 89fb      	LDD  R31,Y+18+1
0001d3 9631      	ADIW R30,1
0001d4 8bea      	STD  Y+18,R30
0001d5 8bfb      	STD  Y+18+1,R31
0001d6 9731      	SBIW R30,1
0001d7 91e4      	LPM  R30,Z
0001d8 2f2e      	MOV  R18,R30
0001d9 30e0      	CPI  R30,0
0001da f409      	BRNE PC+2
0001db c115      	RJMP _0x2000018
0001dc 2fe1      	MOV  R30,R17
0001dd 30e0      	CPI  R30,0
0001de f439      	BRNE _0x200001C
0001df 3225      	CPI  R18,37
0001e0 f411      	BRNE _0x200001D
0001e1 e011      	LDI  R17,LOW(1)
0001e2 c002      	RJMP _0x200001E
                 _0x200001D:
0001e3 940e 03f5 	CALL SUBOPT_0x2
                 _0x200001E:
0001e5 c10a      	RJMP _0x200001B
                 _0x200001C:
0001e6 30e1      	CPI  R30,LOW(0x1)
0001e7 f4a9      	BRNE _0x200001F
0001e8 3225      	CPI  R18,37
0001e9 f419      	BRNE _0x2000020
0001ea 940e 03f5 	CALL SUBOPT_0x2
0001ec c102      	RJMP _0x20000CC
                 _0x2000020:
0001ed e012      	LDI  R17,LOW(2)
0001ee e040      	LDI  R20,LOW(0)
0001ef e000      	LDI  R16,LOW(0)
0001f0 322d      	CPI  R18,45
0001f1 f411      	BRNE _0x2000021
0001f2 e001      	LDI  R16,LOW(1)
0001f3 c0fc      	RJMP _0x200001B
                 _0x2000021:
0001f4 322b      	CPI  R18,43
0001f5 f411      	BRNE _0x2000022
0001f6 e24b      	LDI  R20,LOW(43)
0001f7 c0f8      	RJMP _0x200001B
                 _0x2000022:
0001f8 3220      	CPI  R18,32
0001f9 f411      	BRNE _0x2000023
0001fa e240      	LDI  R20,LOW(32)
0001fb c0f4      	RJMP _0x200001B
                 _0x2000023:
0001fc c002      	RJMP _0x2000024
                 _0x200001F:
0001fd 30e2      	CPI  R30,LOW(0x2)
0001fe f439      	BRNE _0x2000025
                 _0x2000024:
0001ff e050      	LDI  R21,LOW(0)
000200 e013      	LDI  R17,LOW(3)
000201 3320      	CPI  R18,48
000202 f411      	BRNE _0x2000026
000203 6800      	ORI  R16,LOW(128)
000204 c0eb      	RJMP _0x200001B
                 _0x2000026:
000205 c003      	RJMP _0x2000027
                 _0x2000025:
000206 30e3      	CPI  R30,LOW(0x3)
000207 f009      	BREQ PC+2
000208 c0e7      	RJMP _0x200001B
                 _0x2000027:
000209 3320      	CPI  R18,48
00020a f010      	BRLO _0x200002A
00020b 332a      	CPI  R18,58
00020c f008      	BRLO _0x200002B
                 _0x200002A:
00020d c007      	RJMP _0x2000029
                 _0x200002B:
00020e e0aa      	LDI  R26,LOW(10)
00020f 9f5a      	MUL  R21,R26
000210 2d50      	MOV  R21,R0
000211 2fe2      	MOV  R30,R18
000212 53e0      	SUBI R30,LOW(48)
000213 0f5e      	ADD  R21,R30
000214 c0db      	RJMP _0x200001B
                 _0x2000029:
000215 2fe2      	MOV  R30,R18
000216 36e3      	CPI  R30,LOW(0x63)
000217 f449      	BRNE _0x200002F
000218 940e 03fc 	CALL SUBOPT_0x3
00021a 89e8      	LDD  R30,Y+16
00021b 89f9      	LDD  R31,Y+16+1
00021c 81a4      	LDD  R26,Z+4
00021d 93aa      	ST   -Y,R26
00021e 940e 0402 	CALL SUBOPT_0x4
000220 c0ce      	RJMP _0x2000030
                 _0x200002F:
000221 37e3      	CPI  R30,LOW(0x73)
000222 f441      	BRNE _0x2000032
000223 940e 03fc 	CALL SUBOPT_0x3
000225 940e 0408 	CALL SUBOPT_0x5
000227 940e 03ca 	CALL _strlen
000229 2f1e      	MOV  R17,R30
00022a c00a      	RJMP _0x2000033
                 _0x2000032:
00022b 37e0      	CPI  R30,LOW(0x70)
00022c f461      	BRNE _0x2000035
00022d 940e 03fc 	CALL SUBOPT_0x3
00022f 940e 0408 	CALL SUBOPT_0x5
000231 940e 03d6 	CALL _strlenf
000233 2f1e      	MOV  R17,R30
000234 6008      	ORI  R16,LOW(8)
                 _0x2000033:
000235 6002      	ORI  R16,LOW(2)
000236 770f      	ANDI R16,LOW(127)
000237 e030      	LDI  R19,LOW(0)
000238 c034      	RJMP _0x2000036
                 _0x2000035:
000239 36e4      	CPI  R30,LOW(0x64)
00023a f011      	BREQ _0x2000039
00023b 36e9      	CPI  R30,LOW(0x69)
00023c f411      	BRNE _0x200003A
                 _0x2000039:
00023d 6004      	ORI  R16,LOW(4)
00023e c002      	RJMP _0x200003B
                 _0x200003A:
00023f 37e5      	CPI  R30,LOW(0x75)
000240 f431      	BRNE _0x200003C
                 _0x200003B:
000241 e5e4      	LDI  R30,LOW(_tbl10_G100*2)
000242 e0f0      	LDI  R31,HIGH(_tbl10_G100*2)
000243 83ee      	STD  Y+6,R30
000244 83ff      	STD  Y+6+1,R31
000245 e015      	LDI  R17,LOW(5)
000246 c00c      	RJMP _0x200003D
                 _0x200003C:
000247 35e8      	CPI  R30,LOW(0x58)
000248 f411      	BRNE _0x200003F
000249 6008      	ORI  R16,LOW(8)
00024a c003      	RJMP _0x2000040
                 _0x200003F:
00024b 37e8      	CPI  R30,LOW(0x78)
00024c f009      	BREQ PC+2
00024d c0a1      	RJMP _0x2000071
                 _0x2000040:
00024e e5ee      	LDI  R30,LOW(_tbl16_G100*2)
00024f e0f0      	LDI  R31,HIGH(_tbl16_G100*2)
000250 83ee      	STD  Y+6,R30
000251 83ff      	STD  Y+6+1,R31
000252 e014      	LDI  R17,LOW(4)
                 _0x200003D:
000253 ff02      	SBRS R16,2
000254 c014      	RJMP _0x2000042
000255 940e 03fc 	CALL SUBOPT_0x3
000257 940e 0412 	CALL SUBOPT_0x6
000259 85ab      	LDD  R26,Y+11
00025a 23aa      	TST  R26
00025b f43a      	BRPL _0x2000043
00025c 85ea      	LDD  R30,Y+10
00025d 85fb      	LDD  R31,Y+10+1
00025e 940e 043c 	CALL __ANEGW1
000260 87ea      	STD  Y+10,R30
000261 87fb      	STD  Y+10+1,R31
000262 e24d      	LDI  R20,LOW(45)
                 _0x2000043:
000263 3040      	CPI  R20,0
000264 f011      	BREQ _0x2000044
000265 5f1f      	SUBI R17,-LOW(1)
000266 c001      	RJMP _0x2000045
                 _0x2000044:
000267 7f0b      	ANDI R16,LOW(251)
                 _0x2000045:
000268 c004      	RJMP _0x2000046
                 _0x2000042:
000269 940e 03fc 	CALL SUBOPT_0x3
00026b 940e 0412 	CALL SUBOPT_0x6
                 _0x2000046:
                 _0x2000036:
00026d fd00      	SBRC R16,0
00026e c011      	RJMP _0x2000047
                 _0x2000048:
00026f 1715      	CP   R17,R21
000270 f478      	BRSH _0x200004A
000271 ff07      	SBRS R16,7
000272 c008      	RJMP _0x200004B
000273 ff02      	SBRS R16,2
000274 c004      	RJMP _0x200004C
000275 7f0b      	ANDI R16,LOW(251)
000276 2f24      	MOV  R18,R20
000277 5011      	SUBI R17,LOW(1)
000278 c001      	RJMP _0x200004D
                 _0x200004C:
000279 e320      	LDI  R18,LOW(48)
                 _0x200004D:
00027a c001      	RJMP _0x200004E
                 _0x200004B:
00027b e220      	LDI  R18,LOW(32)
                 _0x200004E:
00027c 940e 03f5 	CALL SUBOPT_0x2
00027e 5051      	SUBI R21,LOW(1)
00027f cfef      	RJMP _0x2000048
                 _0x200004A:
                 _0x2000047:
000280 2f31      	MOV  R19,R17
000281 ff01      	SBRS R16,1
000282 c017      	RJMP _0x200004F
                 _0x2000050:
000283 3030      	CPI  R19,0
000284 f0a1      	BREQ _0x2000052
000285 ff03      	SBRS R16,3
000286 c006      	RJMP _0x2000053
000287 81ee      	LDD  R30,Y+6
000288 81ff      	LDD  R31,Y+6+1
000289 9125      	LPM  R18,Z+
00028a 83ee      	STD  Y+6,R30
00028b 83ff      	STD  Y+6+1,R31
00028c c005      	RJMP _0x2000054
                 _0x2000053:
00028d 81ae      	LDD  R26,Y+6
00028e 81bf      	LDD  R27,Y+6+1
00028f 912d      	LD   R18,X+
000290 83ae      	STD  Y+6,R26
000291 83bf      	STD  Y+6+1,R27
                 _0x2000054:
000292 940e 03f5 	CALL SUBOPT_0x2
000294 3050      	CPI  R21,0
000295 f009      	BREQ _0x2000055
000296 5051      	SUBI R21,LOW(1)
                 _0x2000055:
000297 5031      	SUBI R19,LOW(1)
000298 cfea      	RJMP _0x2000050
                 _0x2000052:
000299 c04b      	RJMP _0x2000056
                 _0x200004F:
                 _0x2000058:
00029a e320      	LDI  R18,LOW(48)
00029b 81ee      	LDD  R30,Y+6
00029c 81ff      	LDD  R31,Y+6+1
00029d 940e 044e 	CALL __GETW1PF
00029f 87e8      	STD  Y+8,R30
0002a0 87f9      	STD  Y+8+1,R31
0002a1 81ee      	LDD  R30,Y+6
0002a2 81ff      	LDD  R31,Y+6+1
0002a3 9632      	ADIW R30,2
0002a4 83ee      	STD  Y+6,R30
0002a5 83ff      	STD  Y+6+1,R31
                 _0x200005A:
0002a6 85e8      	LDD  R30,Y+8
0002a7 85f9      	LDD  R31,Y+8+1
0002a8 85aa      	LDD  R26,Y+10
0002a9 85bb      	LDD  R27,Y+10+1
0002aa 17ae      	CP   R26,R30
0002ab 07bf      	CPC  R27,R31
0002ac f050      	BRLO _0x200005C
0002ad 5f2f      	SUBI R18,-LOW(1)
0002ae 85a8      	LDD  R26,Y+8
0002af 85b9      	LDD  R27,Y+8+1
0002b0 85ea      	LDD  R30,Y+10
0002b1 85fb      	LDD  R31,Y+10+1
0002b2 1bea      	SUB  R30,R26
0002b3 0bfb      	SBC  R31,R27
0002b4 87ea      	STD  Y+10,R30
0002b5 87fb      	STD  Y+10+1,R31
0002b6 cfef      	RJMP _0x200005A
                 _0x200005C:
0002b7 332a      	CPI  R18,58
0002b8 f028      	BRLO _0x200005D
0002b9 ff03      	SBRS R16,3
0002ba c002      	RJMP _0x200005E
0002bb 5f29      	SUBI R18,-LOW(7)
0002bc c001      	RJMP _0x200005F
                 _0x200005E:
0002bd 5d29      	SUBI R18,-LOW(39)
                 _0x200005F:
                 _0x200005D:
0002be fd04      	SBRC R16,4
0002bf c01a      	RJMP _0x2000061
0002c0 3321      	CPI  R18,49
0002c1 f420      	BRSH _0x2000063
0002c2 85a8      	LDD  R26,Y+8
0002c3 85b9      	LDD  R27,Y+8+1
0002c4 9711      	SBIW R26,1
0002c5 f409      	BRNE _0x2000062
                 _0x2000063:
0002c6 c009      	RJMP _0x20000CD
                 _0x2000062:
0002c7 1753      	CP   R21,R19
0002c8 f010      	BRLO _0x2000067
0002c9 ff00      	SBRS R16,0
0002ca c001      	RJMP _0x2000068
                 _0x2000067:
0002cb c013      	RJMP _0x2000066
                 _0x2000068:
0002cc e220      	LDI  R18,LOW(32)
0002cd ff07      	SBRS R16,7
0002ce c00b      	RJMP _0x2000069
0002cf e320      	LDI  R18,LOW(48)
                 _0x20000CD:
0002d0 6100      	ORI  R16,LOW(16)
0002d1 ff02      	SBRS R16,2
0002d2 c007      	RJMP _0x200006A
0002d3 7f0b      	ANDI R16,LOW(251)
0002d4 934a      	ST   -Y,R20
0002d5 940e 0402 	CALL SUBOPT_0x4
0002d7 3050      	CPI  R21,0
0002d8 f009      	BREQ _0x200006B
0002d9 5051      	SUBI R21,LOW(1)
                 _0x200006B:
                 _0x200006A:
                 _0x2000069:
                 _0x2000061:
0002da 940e 03f5 	CALL SUBOPT_0x2
0002dc 3050      	CPI  R21,0
0002dd f009      	BREQ _0x200006C
0002de 5051      	SUBI R21,LOW(1)
                 _0x200006C:
                 _0x2000066:
0002df 5031      	SUBI R19,LOW(1)
0002e0 85a8      	LDD  R26,Y+8
0002e1 85b9      	LDD  R27,Y+8+1
0002e2 9712      	SBIW R26,2
0002e3 f008      	BRLO _0x2000059
0002e4 cfb5      	RJMP _0x2000058
                 _0x2000059:
                 _0x2000056:
0002e5 ff00      	SBRS R16,0
0002e6 c008      	RJMP _0x200006D
                 _0x200006E:
0002e7 3050      	CPI  R21,0
0002e8 f031      	BREQ _0x2000070
0002e9 5051      	SUBI R21,LOW(1)
0002ea e2e0      	LDI  R30,LOW(32)
0002eb 93ea      	ST   -Y,R30
0002ec 940e 0402 	CALL SUBOPT_0x4
0002ee cff8      	RJMP _0x200006E
                 _0x2000070:
                 _0x200006D:
                 _0x2000071:
                 _0x2000030:
                 _0x20000CC:
0002ef e010      	LDI  R17,LOW(0)
                 _0x200001B:
0002f0 cee0      	RJMP _0x2000016
                 _0x2000018:
0002f1 85ac      	LDD  R26,Y+12
0002f2 85bd      	LDD  R27,Y+12+1
0002f3 940e 044a 	CALL __GETW1P
0002f5 940e 045e 	CALL __LOADLOCR6
0002f7 9664      	ADIW R28,20
0002f8 9508      	RET
                 ; .FEND
                 _sprintf:
                 ; .FSTART _sprintf
0002f9 92ff      	PUSH R15
0002fa 2ef8      	MOV  R15,R24
0002fb 9726      	SBIW R28,6
0002fc 940e 0459 	CALL __SAVELOCR4
0002fe 940e 041a 	CALL SUBOPT_0x7
000300 9730      	SBIW R30,0
000301 f419      	BRNE _0x2000072
000302 efef      	LDI  R30,LOW(65535)
000303 efff      	LDI  R31,HIGH(65535)
000304 c023      	RJMP _0x2080003
                 _0x2000072:
000305 01de      	MOVW R26,R28
000306 9616      	ADIW R26,6
000307 940e 0438 	CALL __ADDW2R15
000309 018d      	MOVW R16,R26
00030a 940e 041a 	CALL SUBOPT_0x7
00030c 83ee      	STD  Y+6,R30
00030d 83ff      	STD  Y+6+1,R31
00030e e0e0      	LDI  R30,LOW(0)
00030f 87e8      	STD  Y+8,R30
000310 87e9      	STD  Y+8+1,R30
000311 01de      	MOVW R26,R28
000312 961a      	ADIW R26,10
000313 940e 0438 	CALL __ADDW2R15
000315 940e 044a 	CALL __GETW1P
000317 93fa      	ST   -Y,R31
000318 93ea      	ST   -Y,R30
000319 931a      	ST   -Y,R17
00031a 930a      	ST   -Y,R16
00031b e8e5      	LDI  R30,LOW(_put_buff_G100)
00031c e0f1      	LDI  R31,HIGH(_put_buff_G100)
00031d 93fa      	ST   -Y,R31
00031e 93ea      	ST   -Y,R30
00031f 01de      	MOVW R26,R28
000320 961a      	ADIW R26,10
000321 dea3      	RCALL __print_G100
000322 019f      	MOVW R18,R30
000323 81ae      	LDD  R26,Y+6
000324 81bf      	LDD  R27,Y+6+1
000325 e0e0      	LDI  R30,LOW(0)
000326 93ec      	ST   X,R30
000327 01f9      	MOVW R30,R18
                 _0x2080003:
000328 940e 0460 	CALL __LOADLOCR4
00032a 962a      	ADIW R28,10
00032b 90ff      	POP  R15
00032c 9508      	RET
                 ; .FEND
                 	#ifndef __SLEEP_DEFINED__
                 	#endif
                 
                 	.DSEG
                 
                 	.CSEG
                 __lcd_write_nibble_G101:
                 ; .FSTART __lcd_write_nibble_G101
00032d 93aa      	ST   -Y,R26
00032e b3e8      	IN   R30,0x18
00032f 70ef      	ANDI R30,LOW(0xF)
000330 2fae      	MOV  R26,R30
000331 81e8      	LD   R30,Y
000332 7fe0      	ANDI R30,LOW(0xF0)
000333 2bea      	OR   R30,R26
000334 bbe8      	OUT  0x18,R30
                +
000335 e082     +LDI R24 , LOW ( 2 )
                +__DELAY_USB_LOOP :
000336 958a     +DEC R24
000337 f7f1     +BRNE __DELAY_USB_LOOP
                 	__DELAY_USB 2
000338 9ac2      	SBI  0x18,2
                +
000339 e082     +LDI R24 , LOW ( 2 )
                +__DELAY_USB_LOOP :
00033a 958a     +DEC R24
00033b f7f1     +BRNE __DELAY_USB_LOOP
                 	__DELAY_USB 2
00033c 98c2      	CBI  0x18,2
                +
00033d e082     +LDI R24 , LOW ( 2 )
                +__DELAY_USB_LOOP :
00033e 958a     +DEC R24
00033f f7f1     +BRNE __DELAY_USB_LOOP
                 	__DELAY_USB 2
000340 c087      	RJMP _0x2080001
                 ; .FEND
                 __lcd_write_data:
                 ; .FSTART __lcd_write_data
000341 93aa      	ST   -Y,R26
000342 81a8      	LD   R26,Y
000343 dfe9      	RCALL __lcd_write_nibble_G101
000344 81e8          ld    r30,y
000345 95e2          swap  r30
000346 83e8          st    y,r30
000347 81a8      	LD   R26,Y
000348 dfe4      	RCALL __lcd_write_nibble_G101
                +
000349 e181     +LDI R24 , LOW ( 17 )
                +__DELAY_USB_LOOP :
00034a 958a     +DEC R24
00034b f7f1     +BRNE __DELAY_USB_LOOP
                 	__DELAY_USB 17
00034c c07b      	RJMP _0x2080001
                 ; .FEND
                 _lcd_gotoxy:
                 ; .FSTART _lcd_gotoxy
00034d 93aa      	ST   -Y,R26
00034e 81e8      	LD   R30,Y
00034f e0f0      	LDI  R31,0
000350 59e1      	SUBI R30,LOW(-__base_y_G101)
000351 4ffd      	SBCI R31,HIGH(-__base_y_G101)
000352 81e0      	LD   R30,Z
000353 81a9      	LDD  R26,Y+1
000354 0fae      	ADD  R26,R30
000355 dfeb      	RCALL __lcd_write_data
000356 80b9      	LDD  R11,Y+1
000357 80a8      	LDD  R10,Y+0
000358 9622      	ADIW R28,2
000359 9508      	RET
                 ; .FEND
                 _lcd_clear:
                 ; .FSTART _lcd_clear
00035a e0a2      	LDI  R26,LOW(2)
00035b 940e 0421 	CALL SUBOPT_0x8
00035d e0ac      	LDI  R26,LOW(12)
00035e dfe2      	RCALL __lcd_write_data
00035f e0a1      	LDI  R26,LOW(1)
000360 940e 0421 	CALL SUBOPT_0x8
000362 e0e0      	LDI  R30,LOW(0)
000363 2eae      	MOV  R10,R30
000364 2ebe      	MOV  R11,R30
000365 9508      	RET
                 ; .FEND
                 _lcd_putchar:
                 ; .FSTART _lcd_putchar
000366 93aa      	ST   -Y,R26
000367 81a8      	LD   R26,Y
000368 30aa      	CPI  R26,LOW(0xA)
000369 f011      	BREQ _0x2020005
00036a 14bd      	CP   R11,R13
00036b f048      	BRLO _0x2020004
                 _0x2020005:
00036c e0e0      	LDI  R30,LOW(0)
00036d 93ea      	ST   -Y,R30
00036e 94a3      	INC  R10
00036f 2daa      	MOV  R26,R10
000370 dfdc      	RCALL _lcd_gotoxy
000371 81a8      	LD   R26,Y
000372 30aa      	CPI  R26,LOW(0xA)
000373 f409      	BRNE _0x2020007
000374 c053      	RJMP _0x2080001
                 _0x2020007:
                 _0x2020004:
000375 94b3      	INC  R11
000376 9ac0      	SBI  0x18,0
000377 81a8      	LD   R26,Y
000378 dfc8      	RCALL __lcd_write_data
000379 98c0      	CBI  0x18,0
00037a c04d      	RJMP _0x2080001
                 ; .FEND
                 _lcd_puts:
                 ; .FSTART _lcd_puts
00037b 93ba      	ST   -Y,R27
00037c 93aa      	ST   -Y,R26
00037d 931a      	ST   -Y,R17
                 _0x2020008:
00037e 81a9      	LDD  R26,Y+1
00037f 81ba      	LDD  R27,Y+1+1
000380 91ed      	LD   R30,X+
000381 83a9      	STD  Y+1,R26
000382 83ba      	STD  Y+1+1,R27
000383 2f1e      	MOV  R17,R30
000384 30e0      	CPI  R30,0
000385 f019      	BREQ _0x202000A
000386 2fa1      	MOV  R26,R17
000387 dfde      	RCALL _lcd_putchar
000388 cff5      	RJMP _0x2020008
                 _0x202000A:
000389 c010      	RJMP _0x2080002
                 ; .FEND
                 _lcd_putsf:
                 ; .FSTART _lcd_putsf
00038a 93ba      	ST   -Y,R27
00038b 93aa      	ST   -Y,R26
00038c 931a      	ST   -Y,R17
                 _0x202000B:
00038d 81e9      	LDD  R30,Y+1
00038e 81fa      	LDD  R31,Y+1+1
00038f 9631      	ADIW R30,1
000390 83e9      	STD  Y+1,R30
000391 83fa      	STD  Y+1+1,R31
000392 9731      	SBIW R30,1
000393 91e4      	LPM  R30,Z
000394 2f1e      	MOV  R17,R30
000395 30e0      	CPI  R30,0
000396 f019      	BREQ _0x202000D
000397 2fa1      	MOV  R26,R17
000398 dfcd      	RCALL _lcd_putchar
000399 cff3      	RJMP _0x202000B
                 _0x202000D:
                 _0x2080002:
00039a 8118      	LDD  R17,Y+0
00039b 9623      	ADIW R28,3
00039c 9508      	RET
                 ; .FEND
                 _lcd_init:
                 ; .FSTART _lcd_init
00039d 93aa      	ST   -Y,R26
00039e b3e7      	IN   R30,0x17
00039f 6fe0      	ORI  R30,LOW(0xF0)
0003a0 bbe7      	OUT  0x17,R30
0003a1 9aba      	SBI  0x17,2
0003a2 9ab8      	SBI  0x17,0
0003a3 9ab9      	SBI  0x17,1
0003a4 98c2      	CBI  0x18,2
0003a5 98c0      	CBI  0x18,0
0003a6 98c1      	CBI  0x18,1
0003a7 80d8      	LDD  R13,Y+0
0003a8 81e8      	LD   R30,Y
0003a9 58e0      	SUBI R30,-LOW(128)
                +
0003aa 93e0 0271+STS __base_y_G101 + ( 2 ) , R30
                 	__PUTB1MN __base_y_G101,2
0003ac 81e8      	LD   R30,Y
0003ad 54e0      	SUBI R30,-LOW(192)
                +
0003ae 93e0 0272+STS __base_y_G101 + ( 3 ) , R30
                 	__PUTB1MN __base_y_G101,3
0003b0 e1a4      	LDI  R26,LOW(20)
0003b1 e0b0      	LDI  R27,0
0003b2 940e 042e 	CALL _delay_ms
0003b4 940e 0427 	CALL SUBOPT_0x9
0003b6 940e 0427 	CALL SUBOPT_0x9
0003b8 940e 0427 	CALL SUBOPT_0x9
0003ba e2a0      	LDI  R26,LOW(32)
0003bb df71      	RCALL __lcd_write_nibble_G101
                +
0003bc e281     +LDI R24 , LOW ( 33 )
                +__DELAY_USB_LOOP :
0003bd 958a     +DEC R24
0003be f7f1     +BRNE __DELAY_USB_LOOP
                 	__DELAY_USB 33
0003bf e2a8      	LDI  R26,LOW(40)
0003c0 df80      	RCALL __lcd_write_data
0003c1 e0a4      	LDI  R26,LOW(4)
0003c2 df7e      	RCALL __lcd_write_data
0003c3 e8a5      	LDI  R26,LOW(133)
0003c4 df7c      	RCALL __lcd_write_data
0003c5 e0a6      	LDI  R26,LOW(6)
0003c6 df7a      	RCALL __lcd_write_data
0003c7 df92      	RCALL _lcd_clear
                 _0x2080001:
0003c8 9621      	ADIW R28,1
0003c9 9508      	RET
                 ; .FEND
                 
                 	.CSEG
                 
                 	.CSEG
                 _strlen:
                 ; .FSTART _strlen
0003ca 93ba      	ST   -Y,R27
0003cb 93aa      	ST   -Y,R26
0003cc 91a9          ld   r26,y+
0003cd 91b9          ld   r27,y+
0003ce 27ee          clr  r30
0003cf 27ff          clr  r31
                 strlen0:
0003d0 916d          ld   r22,x+
0003d1 2366          tst  r22
0003d2 f011          breq strlen1
0003d3 9631          adiw r30,1
0003d4 cffb          rjmp strlen0
                 strlen1:
0003d5 9508          ret
                 ; .FEND
                 _strlenf:
                 ; .FSTART _strlenf
0003d6 93ba      	ST   -Y,R27
0003d7 93aa      	ST   -Y,R26
0003d8 27aa          clr  r26
0003d9 27bb          clr  r27
0003da 91e9          ld   r30,y+
0003db 91f9          ld   r31,y+
                 strlenf0:
0003dc 9005      	lpm  r0,z+
0003dd 2000          tst  r0
0003de f011          breq strlenf1
0003df 9611          adiw r26,1
0003e0 cffb          rjmp strlenf0
                 strlenf1:
0003e1 01fd          movw r30,r26
0003e2 9508          ret
                 ; .FEND
                 
                 	.DSEG
                 _s:
000260           	.BYTE 0xF
                 __base_y_G101:
00026f           	.BYTE 0x4
                 
                 	.CSEG
                 ;OPTIMIZER ADDED SUBROUTINE, CALLED 6 TIMES, CODE SIZE REDUCTION:27 WORDS
                 SUBOPT_0x0:
0003e3 e6e0      	LDI  R30,LOW(_s)
0003e4 e0f2      	LDI  R31,HIGH(_s)
0003e5 93fa      	ST   -Y,R31
0003e6 93ea      	ST   -Y,R30
                +
0003e7 e6e6     +LDI R30 , LOW ( 2 * _0x0 + ( 0 ) )
0003e8 e0f0     +LDI R31 , HIGH ( 2 * _0x0 + ( 0 ) )
                 	__POINTW1FN _0x0,0
0003e9 93fa      	ST   -Y,R31
0003ea 93ea      	ST   -Y,R30
0003eb 9508      	RET
                 
                 ;OPTIMIZER ADDED SUBROUTINE, CALLED 3 TIMES, CODE SIZE REDUCTION:9 WORDS
                 SUBOPT_0x1:
0003ec e6e0      	LDI  R30,LOW(_s)
0003ed e0f2      	LDI  R31,HIGH(_s)
0003ee 93fa      	ST   -Y,R31
0003ef 93ea      	ST   -Y,R30
                +
0003f0 e6ec     +LDI R30 , LOW ( 2 * _0x0 + ( 6 ) )
0003f1 e0f0     +LDI R31 , HIGH ( 2 * _0x0 + ( 6 ) )
                 	__POINTW1FN _0x0,6
0003f2 93fa      	ST   -Y,R31
0003f3 93ea      	ST   -Y,R30
0003f4 9508      	RET
                 
                 ;OPTIMIZER ADDED SUBROUTINE, CALLED 5 TIMES, CODE SIZE REDUCTION:13 WORDS
                 SUBOPT_0x2:
0003f5 932a      	ST   -Y,R18
0003f6 85ad      	LDD  R26,Y+13
0003f7 85be      	LDD  R27,Y+13+1
0003f8 85ef      	LDD  R30,Y+15
0003f9 89f8      	LDD  R31,Y+15+1
0003fa 9509      	ICALL
0003fb 9508      	RET
                 
                 ;OPTIMIZER ADDED SUBROUTINE, CALLED 5 TIMES, CODE SIZE REDUCTION:9 WORDS
                 SUBOPT_0x3:
0003fc 89e8      	LDD  R30,Y+16
0003fd 89f9      	LDD  R31,Y+16+1
0003fe 9734      	SBIW R30,4
0003ff 8be8      	STD  Y+16,R30
000400 8bf9      	STD  Y+16+1,R31
000401 9508      	RET
                 
                 ;OPTIMIZER ADDED SUBROUTINE, CALLED 3 TIMES, CODE SIZE REDUCTION:3 WORDS
                 SUBOPT_0x4:
000402 85ad      	LDD  R26,Y+13
000403 85be      	LDD  R27,Y+13+1
000404 85ef      	LDD  R30,Y+15
000405 89f8      	LDD  R31,Y+15+1
000406 9509      	ICALL
000407 9508      	RET
                 
                 ;OPTIMIZER ADDED SUBROUTINE, CALLED 2 TIMES, CODE SIZE REDUCTION:4 WORDS
                 SUBOPT_0x5:
000408 89a8      	LDD  R26,Y+16
000409 89b9      	LDD  R27,Y+16+1
00040a 9614      	ADIW R26,4
00040b 940e 044a 	CALL __GETW1P
00040d 83ee      	STD  Y+6,R30
00040e 83ff      	STD  Y+6+1,R31
00040f 81ae      	LDD  R26,Y+6
000410 81bf      	LDD  R27,Y+6+1
000411 9508      	RET
                 
                 ;OPTIMIZER ADDED SUBROUTINE, CALLED 2 TIMES, CODE SIZE REDUCTION:2 WORDS
                 SUBOPT_0x6:
000412 89a8      	LDD  R26,Y+16
000413 89b9      	LDD  R27,Y+16+1
000414 9614      	ADIW R26,4
000415 940e 044a 	CALL __GETW1P
000417 87ea      	STD  Y+10,R30
000418 87fb      	STD  Y+10+1,R31
000419 9508      	RET
                 
                 ;OPTIMIZER ADDED SUBROUTINE, CALLED 2 TIMES, CODE SIZE REDUCTION:1 WORDS
                 SUBOPT_0x7:
00041a 01de      	MOVW R26,R28
00041b 961c      	ADIW R26,12
00041c 940e 0438 	CALL __ADDW2R15
00041e 940e 044a 	CALL __GETW1P
000420 9508      	RET
                 
                 ;OPTIMIZER ADDED SUBROUTINE, CALLED 2 TIMES, CODE SIZE REDUCTION:1 WORDS
                 SUBOPT_0x8:
000421 940e 0341 	CALL __lcd_write_data
000423 e0a3      	LDI  R26,LOW(3)
000424 e0b0      	LDI  R27,0
000425 940c 042e 	JMP  _delay_ms
                 
                 ;OPTIMIZER ADDED SUBROUTINE, CALLED 3 TIMES, CODE SIZE REDUCTION:5 WORDS
                 SUBOPT_0x9:
000427 e3a0      	LDI  R26,LOW(48)
000428 940e 032d 	CALL __lcd_write_nibble_G101
                +
00042a e281     +LDI R24 , LOW ( 33 )
                +__DELAY_USB_LOOP :
00042b 958a     +DEC R24
00042c f7f1     +BRNE __DELAY_USB_LOOP
                 	__DELAY_USB 33
00042d 9508      	RET
                 
                 
                 	.CSEG
                 _delay_ms:
00042e 9610      	adiw r26,0
00042f f039      	breq __delay_ms1
                 __delay_ms0:
                +
000430 ef8a     +LDI R24 , LOW ( 0xFA )
000431 e090     +LDI R25 , HIGH ( 0xFA )
                +__DELAY_USW_LOOP :
000432 9701     +SBIW R24 , 1
000433 f7f1     +BRNE __DELAY_USW_LOOP
                 	__DELAY_USW 0xFA
000434 95a8      	wdr
000435 9711      	sbiw r26,1
000436 f7c9      	brne __delay_ms0
                 __delay_ms1:
000437 9508      	ret
                 
                 __ADDW2R15:
000438 2400      	CLR  R0
000439 0daf      	ADD  R26,R15
00043a 1db0      	ADC  R27,R0
00043b 9508      	RET
                 
                 __ANEGW1:
00043c 95f1      	NEG  R31
00043d 95e1      	NEG  R30
00043e 40f0      	SBCI R31,0
00043f 9508      	RET
                 
                 __LSRW2:
000440 95f6      	LSR  R31
000441 95e7      	ROR  R30
000442 95f6      	LSR  R31
000443 95e7      	ROR  R30
000444 9508      	RET
                 
                 __CWD1:
000445 2f6f      	MOV  R22,R31
000446 0f66      	ADD  R22,R22
000447 0b66      	SBC  R22,R22
000448 2f76      	MOV  R23,R22
000449 9508      	RET
                 
                 __GETW1P:
00044a 91ed      	LD   R30,X+
00044b 91fc      	LD   R31,X
00044c 9711      	SBIW R26,1
00044d 9508      	RET
                 
                 __GETW1PF:
00044e 9005      	LPM  R0,Z+
00044f 91f4      	LPM  R31,Z
000450 2de0      	MOV  R30,R0
000451 9508      	RET
                 
                 __PUTPARD1:
000452 937a      	ST   -Y,R23
000453 936a      	ST   -Y,R22
000454 93fa      	ST   -Y,R31
000455 93ea      	ST   -Y,R30
000456 9508      	RET
                 
                 __SAVELOCR6:
000457 935a      	ST   -Y,R21
                 __SAVELOCR5:
000458 934a      	ST   -Y,R20
                 __SAVELOCR4:
000459 933a      	ST   -Y,R19
                 __SAVELOCR3:
00045a 932a      	ST   -Y,R18
                 __SAVELOCR2:
00045b 931a      	ST   -Y,R17
00045c 930a      	ST   -Y,R16
00045d 9508      	RET
                 
                 __LOADLOCR6:
00045e 815d      	LDD  R21,Y+5
                 __LOADLOCR5:
00045f 814c      	LDD  R20,Y+4
                 __LOADLOCR4:
000460 813b      	LDD  R19,Y+3
                 __LOADLOCR3:
000461 812a      	LDD  R18,Y+2
                 __LOADLOCR2:
000462 8119      	LDD  R17,Y+1
000463 8108      	LD   R16,Y
000464 9508      	RET
                 
                 ;END OF CODE MARKER
                 __END_OF_CODE:


RESOURCE USE INFORMATION
------------------------

Notice:
The register and instruction counts are symbol table hit counts,
and hence implicitly used resources are not counted, eg, the
'lpm' instruction without operands implicitly uses r0 and z,
none of which are counted.

x,y,z are separate entities in the symbol table and are
counted separately from r26..r31 here.

.dseg memory usage only counts static data declared with .byte

ATmega32 register use summary:
r0 :  11 r1 :   1 r2 :   0 r3 :   0 r4 :   1 r5 :   0 r6 :   1 r7 :   0 
r8 :   1 r9 :   0 r10:   4 r11:   4 r12:   0 r13:   2 r14:   0 r15:   4 
r16:  37 r17:  28 r18:  29 r19:   8 r20:   9 r21:  17 r22:  18 r23:   9 
r24:  26 r25:   3 r26: 111 r27:  41 r28:  17 r29:   1 r30: 248 r31:  84 
x  :  23 y  : 185 z  :  16 
Registers used: 28 out of 35 (80.0%)

ATmega32 instruction use summary:
.lds  :   0 .lds.l:   0 .sts  :   0 .sts.l:   0 adc   :   1 add   :   4 
adiw  :  26 and   :   0 andi  :   6 asr   :   0 bclr  :   0 bld   :   0 
brbc  :   0 brbs  :   0 brcc  :   0 brcs  :   0 break :   0 breq  :  18 
brge  :   1 brhc  :   0 brhs  :   0 brid  :   0 brie  :   0 brlo  :   8 
brlt  :   0 brmi  :   1 brne  :  31 brpl  :   1 brsh  :   2 brtc  :   0 
brts  :   0 brvc  :   0 brvs  :   0 bset  :   0 bst   :   0 call  :  70 
cbi   :   5 cbr   :   0 clc   :   0 clh   :   0 cli   :   1 cln   :   0 
clr   :   9 cls   :   0 clt   :   0 clv   :   0 clz   :   0 com   :   0 
cp    :   4 cpc   :   3 cpi   :  35 cpse  :   0 dec   :   8 des   :   0 
eor   :   0 fmul  :   0 fmuls :   0 fmulsu:   0 icall :   2 ijmp  :   0 
in    :   4 inc   :   2 jmp   :  24 ld    :  26 ldd   :  79 ldi   : 160 
lds   :   0 lpm   :  16 lsl   :   0 lsr   :   2 mov   :  21 movw  :  20 
mul   :   1 muls  :   0 mulsu :   0 neg   :   2 nop   :   0 or    :   1 
ori   :   8 out   :  53 pop   :   1 push  :   1 rcall :  20 ret   :  37 
reti  :   0 rjmp  :  86 rol   :   0 ror   :   2 sbc   :   2 sbci  :   2 
sbi   :   7 sbic  :  16 sbis  :   1 sbiw  :  19 sbr   :   0 sbrc  :   2 
sbrs  :  10 sec   :   0 seh   :   0 sei   :   0 sen   :   0 ser   :   0 
ses   :   0 set   :   0 sev   :   0 sez   :   0 sleep :   0 spm   :   0 
st    :  73 std   :  33 sts   :   2 sub   :   1 subi  :  16 swap  :   1 
tst   :   4 wdr   :   1 
Instructions used: 57 out of 116 (49.1%)

ATmega32 memory use summary [bytes]:
Segment   Begin    End      Code   Data   Used    Size   Use%
---------------------------------------------------------------
[.cseg] 0x000000 0x0008ca   2170     80   2250   32768   6.9%
[.dseg] 0x000060 0x000273      0     19     19    2048   0.9%
[.eseg] 0x000000 0x000000      0      0      0    1024   0.0%

Assembly complete, 0 errors, 9 warnings
